Sat Nov 26 2016 23:26:59 GMT+0100 (CET): GET / 
Sat Nov 26 2016 23:27:07 GMT+0100 (CET): GET / 
Sat Nov 26 2016 23:27:09 GMT+0100 (CET): GET /about 
Sun Nov 27 2016 00:12:07 GMT+0100 (CET): GET /about 
Sun Nov 27 2016 00:13:28 GMT+0100 (CET): GET /about 
Sun Nov 27 2016 00:13:34 GMT+0100 (CET): GET / 
Sun Nov 27 2016 00:13:38 GMT+0100 (CET): GET / 
Sun Nov 27 2016 00:13:46 GMT+0100 (CET): GET / 
Sun Nov 27 2016 00:13:58 GMT+0100 (CET): GET / 
Sun Nov 27 2016 00:14:24 GMT+0100 (CET): GET /projects 
Sun Nov 27 2016 00:15:14 GMT+0100 (CET): GET /projects 
Sun Nov 27 2016 00:15:20 GMT+0100 (CET): GET / 
Sun Nov 27 2016 00:15:33 GMT+0100 (CET): GET / 
Sun Nov 27 2016 00:15:35 GMT+0100 (CET): GET /projects 
Sun Nov 27 2016 00:15:40 GMT+0100 (CET): GET /about 
Sun Nov 27 2016 00:15:41 GMT+0100 (CET): GET / 
Sun Nov 27 2016 00:15:45 GMT+0100 (CET): GET /projects 
Sun Nov 27 2016 00:16:29 GMT+0100 (CET): GET /about 
Sun Nov 27 2016 00:17:11 GMT+0100 (CET): GET /about 
Sun Nov 27 2016 00:17:12 GMT+0100 (CET): GET /projects 
Sun Nov 27 2016 00:17:14 GMT+0100 (CET): GET /about 
Sun Nov 27 2016 00:17:15 GMT+0100 (CET): GET / 
Sun Nov 27 2016 00:17:17 GMT+0100 (CET): GET /projects 
Sun Nov 27 2016 00:17:18 GMT+0100 (CET): GET /about 
Sun Nov 27 2016 00:17:20 GMT+0100 (CET): GET / 
Sun Nov 27 2016 00:17:41 GMT+0100 (CET): GET / 
Sun Nov 27 2016 00:17:43 GMT+0100 (CET): GET / 
Sun Nov 27 2016 00:17:44 GMT+0100 (CET): GET /about 
Sun Nov 27 2016 00:17:46 GMT+0100 (CET): GET /projects 
Sun Nov 27 2016 00:18:17 GMT+0100 (CET): GET /projects 
Sun Nov 27 2016 00:18:37 GMT+0100 (CET): GET / 
Mon Nov 28 2016 19:56:06 GMT+0100 (CET): GET / 
Mon Nov 28 2016 19:56:07 GMT+0100 (CET): GET /favicon.ico 
Mon Nov 28 2016 19:56:19 GMT+0100 (CET): GET /about 
Mon Nov 28 2016 19:56:20 GMT+0100 (CET): GET /projects 
Mon Nov 28 2016 19:56:22 GMT+0100 (CET): GET / 
Mon Nov 28 2016 20:18:09 GMT+0100 (CET): GET / 
Mon Nov 28 2016 20:18:10 GMT+0100 (CET): GET /favicon.ico 
Mon Nov 28 2016 20:18:22 GMT+0100 (CET): GET /projects 
Mon Nov 28 2016 20:30:23 GMT+0100 (CET): GET /projects 
Mon Nov 28 2016 20:30:26 GMT+0100 (CET): GET /about 
Mon Nov 28 2016 20:30:26 GMT+0100 (CET): GET /stylesheets/bootstrap.css 
Mon Nov 28 2016 20:30:26 GMT+0100 (CET): GET /javascripts/bootstrap.min.js 
Mon Nov 28 2016 20:30:37 GMT+0100 (CET): GET / 
Mon Nov 28 2016 20:30:39 GMT+0100 (CET): GET /about 
Mon Nov 28 2016 20:30:39 GMT+0100 (CET): GET /stylesheets/bootstrap.css 
Mon Nov 28 2016 20:30:39 GMT+0100 (CET): GET /javascripts/bootstrap.min.js 
Mon Nov 28 2016 20:32:11 GMT+0100 (CET): GET /about 
Mon Nov 28 2016 20:32:11 GMT+0100 (CET): GET /stylesheets/bootstrap.css 
Mon Nov 28 2016 20:32:11 GMT+0100 (CET): GET /javascripts/bootstrap.min.js 
Mon Nov 28 2016 20:32:41 GMT+0100 (CET): GET /about 
Mon Nov 28 2016 20:32:41 GMT+0100 (CET): GET /stylesheets/bootstrap.css 
Mon Nov 28 2016 20:32:41 GMT+0100 (CET): GET /javascripts/bootstrap.min.js 
Mon Nov 28 2016 20:33:48 GMT+0100 (CET): GET /about 
Mon Nov 28 2016 20:33:49 GMT+0100 (CET): GET /stylesheets/bootstrap.css 
Mon Nov 28 2016 20:33:49 GMT+0100 (CET): GET /javascripts/bootstrap.min.js 
Mon Nov 28 2016 20:33:51 GMT+0100 (CET): GET /about 
Mon Nov 28 2016 20:33:51 GMT+0100 (CET): GET /stylesheets/bootstrap.css 
Mon Nov 28 2016 20:33:51 GMT+0100 (CET): GET /javascripts/bootstrap.min.js 
Mon Nov 28 2016 20:33:52 GMT+0100 (CET): GET / 
Mon Nov 28 2016 20:33:53 GMT+0100 (CET): GET /about 
Mon Nov 28 2016 20:33:54 GMT+0100 (CET): GET /stylesheets/bootstrap.css 
Mon Nov 28 2016 20:33:54 GMT+0100 (CET): GET /javascripts/bootstrap.min.js 
Mon Nov 28 2016 20:34:23 GMT+0100 (CET): GET /about 
Mon Nov 28 2016 20:34:23 GMT+0100 (CET): GET /stylesheets/bootstrap.css 
Mon Nov 28 2016 20:34:23 GMT+0100 (CET): GET /javascripts/bootstrap.min.js 
Mon Nov 28 2016 20:34:37 GMT+0100 (CET): GET /about 
Mon Nov 28 2016 20:34:37 GMT+0100 (CET): GET /stylesheets/bootstrap.css 
Mon Nov 28 2016 20:34:37 GMT+0100 (CET): GET /javascripts/bootstrap.min.js 
Mon Nov 28 2016 20:34:52 GMT+0100 (CET): GET /about 
Mon Nov 28 2016 20:34:52 GMT+0100 (CET): GET /stylesheets/bootstrap.css 
Mon Nov 28 2016 20:34:52 GMT+0100 (CET): GET /javascripts/bootstrap.min.js 
Mon Nov 28 2016 20:35:03 GMT+0100 (CET): GET /about 
Mon Nov 28 2016 20:35:03 GMT+0100 (CET): GET /stylesheets/bootstrap.css 
Mon Nov 28 2016 20:35:03 GMT+0100 (CET): GET /javascripts/bootstrap.min.js 
Mon Nov 28 2016 20:36:00 GMT+0100 (CET): GET /about 
Mon Nov 28 2016 20:36:00 GMT+0100 (CET): GET /stylesheets/bootstrap.css 
Mon Nov 28 2016 20:36:00 GMT+0100 (CET): GET /javascripts/bootstrap.min.js 
Mon Nov 28 2016 20:39:02 GMT+0100 (CET): GET /about 
Mon Nov 28 2016 20:39:02 GMT+0100 (CET): GET /stylesheets/bootstrap.css 
Mon Nov 28 2016 20:39:02 GMT+0100 (CET): GET /javascripts/bootstrap.min.js 
Mon Nov 28 2016 20:39:03 GMT+0100 (CET): GET / 
Mon Nov 28 2016 20:39:03 GMT+0100 (CET): GET /stylesheets/bootstrap.css 
Mon Nov 28 2016 20:39:09 GMT+0100 (CET): GET /about 
Mon Nov 28 2016 20:39:09 GMT+0100 (CET): GET /stylesheets/bootstrap.css 
Mon Nov 28 2016 20:39:09 GMT+0100 (CET): GET /javascripts/bootstrap.min.js 
Mon Nov 28 2016 20:39:10 GMT+0100 (CET): GET /about 
Mon Nov 28 2016 20:39:10 GMT+0100 (CET): GET /stylesheets/bootstrap.css 
Mon Nov 28 2016 20:39:10 GMT+0100 (CET): GET /javascripts/bootstrap.min.js 
Mon Nov 28 2016 20:39:12 GMT+0100 (CET): GET /about 
Mon Nov 28 2016 20:39:12 GMT+0100 (CET): GET /stylesheets/bootstrap.css 
Mon Nov 28 2016 20:39:12 GMT+0100 (CET): GET /javascripts/bootstrap.min.js 
Mon Nov 28 2016 20:39:12 GMT+0100 (CET): GET / 
Mon Nov 28 2016 20:39:13 GMT+0100 (CET): GET /stylesheets/bootstrap.css 
Mon Nov 28 2016 22:21:04 GMT+0100 (CET): GET /about 
Mon Nov 28 2016 22:21:04 GMT+0100 (CET): GET /stylesheets/bootstrap.css 
Mon Nov 28 2016 22:21:04 GMT+0100 (CET): GET /javascripts/bootstrap.min.js 
Mon Nov 28 2016 22:21:05 GMT+0100 (CET): GET /about 
Mon Nov 28 2016 22:21:05 GMT+0100 (CET): GET /stylesheets/bootstrap.css 
Mon Nov 28 2016 22:21:05 GMT+0100 (CET): GET /javascripts/bootstrap.min.js 
Mon Nov 28 2016 22:30:21 GMT+0100 (CET): GET /about 
Mon Nov 28 2016 22:30:21 GMT+0100 (CET): GET /stylesheets/bootstrap.css 
Mon Nov 28 2016 22:30:21 GMT+0100 (CET): GET /javascripts/bootstrap.min.js 
Mon Nov 28 2016 22:30:48 GMT+0100 (CET): GET /about 
Mon Nov 28 2016 22:30:48 GMT+0100 (CET): GET /stylesheets/bootstrap.css 
Mon Nov 28 2016 22:30:48 GMT+0100 (CET): GET /javascripts/bootstrap.min.js 
Mon Nov 28 2016 22:31:26 GMT+0100 (CET): GET /about 
Mon Nov 28 2016 22:31:26 GMT+0100 (CET): GET /stylesheets/bootstrap.css 
Mon Nov 28 2016 22:31:26 GMT+0100 (CET): GET /javascripts/bootstrap.min.js 
Mon Nov 28 2016 22:31:29 GMT+0100 (CET): GET / 
Mon Nov 28 2016 22:31:29 GMT+0100 (CET): GET /stylesheets/bootstrap.css 
Mon Nov 28 2016 22:36:54 GMT+0100 (CET): GET /about 
Mon Nov 28 2016 22:36:54 GMT+0100 (CET): GET /stylesheets/bootstrap.css 
Mon Nov 28 2016 22:36:54 GMT+0100 (CET): GET /javascripts/bootstrap.min.js 
Mon Nov 28 2016 22:37:08 GMT+0100 (CET): GET /about?first_name=&last_name=&email=&password=&password_confirmation= 
Mon Nov 28 2016 22:37:08 GMT+0100 (CET): GET /stylesheets/bootstrap.css 
Mon Nov 28 2016 22:37:08 GMT+0100 (CET): GET /javascripts/bootstrap.min.js 
Mon Nov 28 2016 22:37:10 GMT+0100 (CET): GET /about?first_name=&last_name=&email=&password=&password_confirmation= 
Mon Nov 28 2016 22:37:10 GMT+0100 (CET): GET /stylesheets/bootstrap.css 
Mon Nov 28 2016 22:37:10 GMT+0100 (CET): GET /javascripts/bootstrap.min.js 
Mon Nov 28 2016 22:37:11 GMT+0100 (CET): GET /about?first_name=&last_name=&email=&password=&password_confirmation= 
Mon Nov 28 2016 22:37:11 GMT+0100 (CET): GET /stylesheets/bootstrap.css 
Mon Nov 28 2016 22:37:11 GMT+0100 (CET): GET /javascripts/bootstrap.min.js 
Mon Nov 28 2016 22:37:17 GMT+0100 (CET): GET / 
Mon Nov 28 2016 22:37:17 GMT+0100 (CET): GET /stylesheets/bootstrap.css 
Mon Nov 28 2016 22:38:35 GMT+0100 (CET): GET / 
Mon Nov 28 2016 22:38:35 GMT+0100 (CET): GET /stylesheets/bootstrap.css 
Mon Nov 28 2016 22:38:39 GMT+0100 (CET): GET / 
Mon Nov 28 2016 22:38:39 GMT+0100 (CET): GET /stylesheets/bootstrap.css 
Mon Nov 28 2016 22:38:40 GMT+0100 (CET): GET /about 
Mon Nov 28 2016 22:38:40 GMT+0100 (CET): GET /stylesheets/bootstrap.css 
Mon Nov 28 2016 22:38:40 GMT+0100 (CET): GET /javascripts/bootstrap.min.js 
Mon Nov 28 2016 22:38:44 GMT+0100 (CET): GET /about 
Mon Nov 28 2016 22:38:44 GMT+0100 (CET): GET /stylesheets/bootstrap.css 
Mon Nov 28 2016 22:38:44 GMT+0100 (CET): GET /javascripts/bootstrap.min.js 
Mon Nov 28 2016 22:40:12 GMT+0100 (CET): GET /about 
Mon Nov 28 2016 22:40:12 GMT+0100 (CET): GET /stylesheets/bootstrap.css 
Mon Nov 28 2016 22:40:12 GMT+0100 (CET): GET /javascripts/bootstrap.min.js 
Mon Nov 28 2016 22:41:58 GMT+0100 (CET): GET /about 
Mon Nov 28 2016 22:41:58 GMT+0100 (CET): GET /stylesheets/bootstrap.css 
Mon Nov 28 2016 22:41:58 GMT+0100 (CET): GET /javascripts/bootstrap.min.js 
Mon Nov 28 2016 22:42:01 GMT+0100 (CET): GET /about 
Mon Nov 28 2016 22:42:01 GMT+0100 (CET): GET /stylesheets/bootstrap.css 
Mon Nov 28 2016 22:42:01 GMT+0100 (CET): GET /javascripts/bootstrap.min.js 
Mon Nov 28 2016 22:42:18 GMT+0100 (CET): GET /about 
Mon Nov 28 2016 22:42:18 GMT+0100 (CET): GET /stylesheets/bootstrap.css 
Mon Nov 28 2016 22:42:18 GMT+0100 (CET): GET /javascripts/bootstrap.min.js 
Mon Nov 28 2016 22:42:41 GMT+0100 (CET): GET /about 
Mon Nov 28 2016 22:42:41 GMT+0100 (CET): GET /stylesheets/bootstrap.css 
Mon Nov 28 2016 22:42:41 GMT+0100 (CET): GET /javascripts/bootstrap.min.js 
Mon Nov 28 2016 22:42:43 GMT+0100 (CET): GET /about 
Mon Nov 28 2016 22:42:43 GMT+0100 (CET): GET /stylesheets/bootstrap.css 
Mon Nov 28 2016 22:42:43 GMT+0100 (CET): GET /javascripts/bootstrap.min.js 
Mon Nov 28 2016 22:43:28 GMT+0100 (CET): GET /about 
Mon Nov 28 2016 22:43:28 GMT+0100 (CET): GET /stylesheets/bootstrap.css 
Mon Nov 28 2016 22:43:28 GMT+0100 (CET): GET /javascripts/bootstrap.min.js 
Mon Nov 28 2016 22:43:39 GMT+0100 (CET): GET /about 
Mon Nov 28 2016 22:43:39 GMT+0100 (CET): GET /stylesheets/bootstrap.css 
Mon Nov 28 2016 22:43:39 GMT+0100 (CET): GET /javascripts/bootstrap.min.js 
Mon Nov 28 2016 22:43:47 GMT+0100 (CET): GET / 
Mon Nov 28 2016 22:43:47 GMT+0100 (CET): GET /stylesheets/bootstrap.css 
Mon Nov 28 2016 22:43:49 GMT+0100 (CET): GET /about 
Mon Nov 28 2016 22:43:49 GMT+0100 (CET): GET /stylesheets/bootstrap.css 
Mon Nov 28 2016 22:43:49 GMT+0100 (CET): GET /javascripts/bootstrap.min.js 
Mon Nov 28 2016 22:43:50 GMT+0100 (CET): GET /about?first_name=&last_name=&email=&password=&password_confirmation= 
Mon Nov 28 2016 22:43:51 GMT+0100 (CET): GET /stylesheets/bootstrap.css 
Mon Nov 28 2016 22:43:51 GMT+0100 (CET): GET /javascripts/bootstrap.min.js 
Mon Nov 28 2016 22:44:24 GMT+0100 (CET): GET /about?first_name=&last_name=&email=&password=&password_confirmation= 
Mon Nov 28 2016 22:44:24 GMT+0100 (CET): GET /stylesheets/bootstrap.css 
Mon Nov 28 2016 22:44:24 GMT+0100 (CET): GET /javascripts/bootstrap.min.js 
Mon Nov 28 2016 22:44:41 GMT+0100 (CET): GET /about 
Mon Nov 28 2016 22:44:41 GMT+0100 (CET): GET /stylesheets/bootstrap.css 
Mon Nov 28 2016 22:44:41 GMT+0100 (CET): GET /javascripts/bootstrap.min.js 
Mon Nov 28 2016 22:44:50 GMT+0100 (CET): GET /about 
Mon Nov 28 2016 22:44:50 GMT+0100 (CET): GET /stylesheets/bootstrap.css 
Mon Nov 28 2016 22:44:50 GMT+0100 (CET): GET /javascripts/bootstrap.min.js 
Mon Nov 28 2016 22:44:52 GMT+0100 (CET): GET / 
Mon Nov 28 2016 22:44:52 GMT+0100 (CET): GET /stylesheets/bootstrap.css 
Mon Nov 28 2016 22:44:53 GMT+0100 (CET): GET /about 
Mon Nov 28 2016 22:44:53 GMT+0100 (CET): GET /stylesheets/bootstrap.css 
Mon Nov 28 2016 22:44:53 GMT+0100 (CET): GET /javascripts/bootstrap.min.js 
Mon Nov 28 2016 22:46:53 GMT+0100 (CET): GET /about 
Mon Nov 28 2016 22:46:53 GMT+0100 (CET): GET /stylesheets/bootstrap.css 
Mon Nov 28 2016 22:46:53 GMT+0100 (CET): GET /stylesheets/style.css 
Mon Nov 28 2016 22:46:53 GMT+0100 (CET): GET /javascripts/bootstrap.min.js 
Mon Nov 28 2016 22:47:27 GMT+0100 (CET): GET /about 
Mon Nov 28 2016 22:47:27 GMT+0100 (CET): GET /stylesheets/bootstrap.css 
Mon Nov 28 2016 22:47:27 GMT+0100 (CET): GET /stylesheets/style.css 
Mon Nov 28 2016 22:47:27 GMT+0100 (CET): GET /javascripts/bootstrap.min.js 
Mon Nov 28 2016 22:48:15 GMT+0100 (CET): GET /about 
Mon Nov 28 2016 22:48:15 GMT+0100 (CET): GET /stylesheets/bootstrap.css 
Mon Nov 28 2016 22:48:15 GMT+0100 (CET): GET /stylesheets/style.css 
Mon Nov 28 2016 22:48:15 GMT+0100 (CET): GET /javascripts/bootstrap.min.js 
Mon Nov 28 2016 22:48:29 GMT+0100 (CET): GET /about 
Mon Nov 28 2016 22:48:29 GMT+0100 (CET): GET /stylesheets/bootstrap.css 
Mon Nov 28 2016 22:48:29 GMT+0100 (CET): GET /stylesheets/style.css 
Mon Nov 28 2016 22:48:29 GMT+0100 (CET): GET /javascripts/bootstrap.min.js 
Mon Nov 28 2016 22:48:30 GMT+0100 (CET): GET / 
Mon Nov 28 2016 22:48:30 GMT+0100 (CET): GET /stylesheets/bootstrap.css 
Mon Nov 28 2016 22:48:32 GMT+0100 (CET): GET /about 
Mon Nov 28 2016 22:48:32 GMT+0100 (CET): GET /stylesheets/bootstrap.css 
Mon Nov 28 2016 22:48:32 GMT+0100 (CET): GET /stylesheets/style.css 
Mon Nov 28 2016 22:48:32 GMT+0100 (CET): GET /javascripts/bootstrap.min.js 
Mon Nov 28 2016 22:48:44 GMT+0100 (CET): GET /about?first_name=&last_name=&email=&password=&password_confirmation= 
Mon Nov 28 2016 22:48:44 GMT+0100 (CET): GET /stylesheets/bootstrap.css 
Mon Nov 28 2016 22:48:44 GMT+0100 (CET): GET /stylesheets/style.css 
Mon Nov 28 2016 22:48:44 GMT+0100 (CET): GET /javascripts/bootstrap.min.js 
Mon Nov 28 2016 22:49:57 GMT+0100 (CET): GET /about?first_name=&last_name=&email=&password=&password_confirmation= 
Mon Nov 28 2016 22:49:57 GMT+0100 (CET): GET /stylesheets/bootstrap.css 
Mon Nov 28 2016 22:49:57 GMT+0100 (CET): GET /stylesheets/style.css 
Mon Nov 28 2016 22:49:57 GMT+0100 (CET): GET /javascripts/bootstrap.min.js 
Mon Nov 28 2016 22:50:11 GMT+0100 (CET): GET /about?first_name=&last_name=&email=&password=&password_confirmation= 
Mon Nov 28 2016 22:50:11 GMT+0100 (CET): GET /stylesheets/bootstrap.css 
Mon Nov 28 2016 22:50:11 GMT+0100 (CET): GET /stylesheets/style.css 
Mon Nov 28 2016 22:50:11 GMT+0100 (CET): GET /javascripts/bootstrap.min.js 
Mon Nov 28 2016 22:50:36 GMT+0100 (CET): GET /about?first_name=&last_name=&email=&password=&password_confirmation= 
Mon Nov 28 2016 22:50:36 GMT+0100 (CET): GET /stylesheets/bootstrap.css 
Mon Nov 28 2016 22:50:36 GMT+0100 (CET): GET /stylesheets/style.css 
Mon Nov 28 2016 22:50:36 GMT+0100 (CET): GET /javascripts/bootstrap.min.js 
Mon Nov 28 2016 22:51:23 GMT+0100 (CET): GET /about?first_name=&last_name=&email=&password=&password_confirmation= 
Mon Nov 28 2016 22:51:24 GMT+0100 (CET): GET /stylesheets/bootstrap.css 
Mon Nov 28 2016 22:51:24 GMT+0100 (CET): GET /stylesheets/style.css 
Mon Nov 28 2016 22:51:24 GMT+0100 (CET): GET /javascripts/bootstrap.min.js 
Mon Nov 28 2016 22:51:53 GMT+0100 (CET): GET /about?first_name=&last_name=&email=&password=&password_confirmation= 
Mon Nov 28 2016 22:51:53 GMT+0100 (CET): GET /stylesheets/bootstrap.css 
Mon Nov 28 2016 22:51:53 GMT+0100 (CET): GET /stylesheets/style.css 
Mon Nov 28 2016 22:51:53 GMT+0100 (CET): GET /javascripts/bootstrap.min.js 
Mon Nov 28 2016 22:52:44 GMT+0100 (CET): GET /about?first_name=&last_name=&email=&password=&password_confirmation= 
Mon Nov 28 2016 22:52:44 GMT+0100 (CET): GET /stylesheets/bootstrap.css 
Mon Nov 28 2016 22:52:44 GMT+0100 (CET): GET /stylesheets/style.css 
Mon Nov 28 2016 22:52:44 GMT+0100 (CET): GET /javascripts/bootstrap.min.js 
Mon Nov 28 2016 22:52:58 GMT+0100 (CET): GET /about?first_name=&last_name=&email=&password=&password_confirmation= 
Mon Nov 28 2016 22:52:58 GMT+0100 (CET): GET /stylesheets/bootstrap.css 
Mon Nov 28 2016 22:52:58 GMT+0100 (CET): GET /stylesheets/style.css 
Mon Nov 28 2016 22:52:58 GMT+0100 (CET): GET /javascripts/bootstrap.min.js 
Mon Nov 28 2016 22:55:17 GMT+0100 (CET): GET /about?first_name=&last_name=&email=&password=&password_confirmation= 
Mon Nov 28 2016 22:55:17 GMT+0100 (CET): GET /stylesheets/bootstrap.css 
Mon Nov 28 2016 22:55:17 GMT+0100 (CET): GET /stylesheets/style.css 
Mon Nov 28 2016 22:55:17 GMT+0100 (CET): GET /javascripts/bootstrap.min.js 
Mon Nov 28 2016 22:55:31 GMT+0100 (CET): GET /about?first_name=&last_name=&email=&password=&password_confirmation= 
Mon Nov 28 2016 22:55:31 GMT+0100 (CET): GET /stylesheets/bootstrap.css 
Mon Nov 28 2016 22:55:31 GMT+0100 (CET): GET /stylesheets/style.css 
Mon Nov 28 2016 22:55:31 GMT+0100 (CET): GET /javascripts/bootstrap.min.js 
Mon Nov 28 2016 22:55:47 GMT+0100 (CET): GET /about?first_name=&last_name=&email=&password=&password_confirmation= 
Mon Nov 28 2016 22:55:47 GMT+0100 (CET): GET /stylesheets/bootstrap.css 
Mon Nov 28 2016 22:55:47 GMT+0100 (CET): GET /stylesheets/style.css 
Mon Nov 28 2016 22:55:47 GMT+0100 (CET): GET /javascripts/bootstrap.min.js 
Mon Nov 28 2016 23:00:19 GMT+0100 (CET): GET /about?first_name=&last_name=&email=&password=&password_confirmation= 
Mon Nov 28 2016 23:00:19 GMT+0100 (CET): GET /stylesheets/bootstrap.css 
Mon Nov 28 2016 23:00:19 GMT+0100 (CET): GET /stylesheets/style.css 
Mon Nov 28 2016 23:00:19 GMT+0100 (CET): GET /javascripts/bootstrap.min.js 
Mon Nov 28 2016 23:00:22 GMT+0100 (CET): GET / 
Mon Nov 28 2016 23:00:22 GMT+0100 (CET): GET /stylesheets/bootstrap.css 
Mon Nov 28 2016 23:00:27 GMT+0100 (CET): GET /projects 
Mon Nov 28 2016 23:00:27 GMT+0100 (CET): GET /stylesheets/bootstrap.css 
Mon Nov 28 2016 23:00:28 GMT+0100 (CET): GET /about 
Mon Nov 28 2016 23:00:29 GMT+0100 (CET): GET /stylesheets/bootstrap.css 
Mon Nov 28 2016 23:00:29 GMT+0100 (CET): GET /stylesheets/style.css 
Mon Nov 28 2016 23:00:29 GMT+0100 (CET): GET /javascripts/bootstrap.min.js 
Mon Nov 28 2016 23:02:20 GMT+0100 (CET): GET /about 
Mon Nov 28 2016 23:02:20 GMT+0100 (CET): GET /stylesheets/bootstrap.css 
Mon Nov 28 2016 23:02:20 GMT+0100 (CET): GET /stylesheets/style.css 
Mon Nov 28 2016 23:02:20 GMT+0100 (CET): GET /javascripts/bootstrap.min.js 
Mon Nov 28 2016 23:02:22 GMT+0100 (CET): GET / 
Mon Nov 28 2016 23:02:22 GMT+0100 (CET): GET /stylesheets/bootstrap.css 
Mon Nov 28 2016 23:02:26 GMT+0100 (CET): GET / 
Mon Nov 28 2016 23:02:26 GMT+0100 (CET): GET /stylesheets/bootstrap.css 
Mon Nov 28 2016 23:02:34 GMT+0100 (CET): GET / 
Mon Nov 28 2016 23:02:34 GMT+0100 (CET): GET /stylesheets/bootstrap.css 
Mon Nov 28 2016 23:02:36 GMT+0100 (CET): GET /login 
Mon Nov 28 2016 23:02:36 GMT+0100 (CET): GET /stylesheets/bootstrap.css 
Mon Nov 28 2016 23:02:36 GMT+0100 (CET): GET /stylesheets/style.css 
Mon Nov 28 2016 23:02:36 GMT+0100 (CET): GET /javascripts/bootstrap.min.js 
Mon Nov 28 2016 23:03:24 GMT+0100 (CET): GET /login 
Mon Nov 28 2016 23:03:24 GMT+0100 (CET): GET /stylesheets/bootstrap.css 
Mon Nov 28 2016 23:03:24 GMT+0100 (CET): GET /stylesheets/style.css 
Mon Nov 28 2016 23:03:24 GMT+0100 (CET): GET /javascripts/bootstrap.min.js 
Mon Nov 28 2016 23:03:29 GMT+0100 (CET): GET /about 
Mon Nov 28 2016 23:03:29 GMT+0100 (CET): GET /stylesheets/bootstrap.css 
Mon Nov 28 2016 23:03:29 GMT+0100 (CET): GET /stylesheets/style.css 
Mon Nov 28 2016 23:03:29 GMT+0100 (CET): GET /javascripts/bootstrap.min.js 
Mon Nov 28 2016 23:03:32 GMT+0100 (CET): GET /about 
Mon Nov 28 2016 23:03:32 GMT+0100 (CET): GET /stylesheets/bootstrap.css 
Mon Nov 28 2016 23:03:32 GMT+0100 (CET): GET /stylesheets/style.css 
Mon Nov 28 2016 23:03:32 GMT+0100 (CET): GET /javascripts/bootstrap.min.js 
Mon Nov 28 2016 23:03:34 GMT+0100 (CET): GET /about 
Mon Nov 28 2016 23:03:34 GMT+0100 (CET): GET /stylesheets/bootstrap.css 
Mon Nov 28 2016 23:03:34 GMT+0100 (CET): GET /stylesheets/style.css 
Mon Nov 28 2016 23:03:34 GMT+0100 (CET): GET /javascripts/bootstrap.min.js 
Mon Nov 28 2016 23:04:06 GMT+0100 (CET): GET /about 
Mon Nov 28 2016 23:04:06 GMT+0100 (CET): GET /stylesheets/bootstrap.css 
Mon Nov 28 2016 23:04:06 GMT+0100 (CET): GET /stylesheets/style.css 
Mon Nov 28 2016 23:04:06 GMT+0100 (CET): GET /javascripts/bootstrap.min.js 
Mon Nov 28 2016 23:04:08 GMT+0100 (CET): GET /about 
Mon Nov 28 2016 23:04:08 GMT+0100 (CET): GET /stylesheets/bootstrap.css 
Mon Nov 28 2016 23:04:08 GMT+0100 (CET): GET /stylesheets/style.css 
Mon Nov 28 2016 23:04:08 GMT+0100 (CET): GET /javascripts/bootstrap.min.js 
Mon Nov 28 2016 23:04:09 GMT+0100 (CET): GET /about 
Mon Nov 28 2016 23:04:09 GMT+0100 (CET): GET /stylesheets/bootstrap.css 
Mon Nov 28 2016 23:04:09 GMT+0100 (CET): GET /stylesheets/style.css 
Mon Nov 28 2016 23:04:09 GMT+0100 (CET): GET /javascripts/bootstrap.min.js 
Mon Nov 28 2016 23:04:10 GMT+0100 (CET): GET / 
Mon Nov 28 2016 23:04:10 GMT+0100 (CET): GET /stylesheets/bootstrap.css 
Mon Nov 28 2016 23:04:12 GMT+0100 (CET): GET /login 
Mon Nov 28 2016 23:04:12 GMT+0100 (CET): GET /stylesheets/bootstrap.css 
Mon Nov 28 2016 23:04:12 GMT+0100 (CET): GET /stylesheets/style.css 
Mon Nov 28 2016 23:04:12 GMT+0100 (CET): GET /javascripts/bootstrap.min.js 
Mon Nov 28 2016 23:04:13 GMT+0100 (CET): GET /about 
Mon Nov 28 2016 23:04:13 GMT+0100 (CET): GET /stylesheets/bootstrap.css 
Mon Nov 28 2016 23:04:13 GMT+0100 (CET): GET /stylesheets/style.css 
Mon Nov 28 2016 23:04:13 GMT+0100 (CET): GET /javascripts/bootstrap.min.js 
Mon Nov 28 2016 23:05:49 GMT+0100 (CET): GET /about 
Mon Nov 28 2016 23:05:49 GMT+0100 (CET): GET /stylesheets/bootstrap.css 
Mon Nov 28 2016 23:05:49 GMT+0100 (CET): GET /javascripts/bootstrap.min.js 
Mon Nov 28 2016 23:06:23 GMT+0100 (CET): GET /about 
Mon Nov 28 2016 23:06:23 GMT+0100 (CET): GET /stylesheets/bootstrap.css 
Mon Nov 28 2016 23:06:23 GMT+0100 (CET): GET /javascripts/bootstrap.min.js 
Mon Nov 28 2016 23:06:25 GMT+0100 (CET): GET /about 
Mon Nov 28 2016 23:06:25 GMT+0100 (CET): GET /stylesheets/bootstrap.css 
Mon Nov 28 2016 23:06:25 GMT+0100 (CET): GET /javascripts/bootstrap.min.js 
Mon Nov 28 2016 23:06:27 GMT+0100 (CET): GET /login 
Mon Nov 28 2016 23:06:27 GMT+0100 (CET): GET /stylesheets/bootstrap.css 
Mon Nov 28 2016 23:06:27 GMT+0100 (CET): GET /stylesheets/style.css 
Mon Nov 28 2016 23:06:27 GMT+0100 (CET): GET /javascripts/bootstrap.min.js 
Mon Nov 28 2016 23:06:38 GMT+0100 (CET): GET / 
Mon Nov 28 2016 23:06:38 GMT+0100 (CET): GET /stylesheets/bootstrap.css 
Mon Nov 28 2016 23:06:39 GMT+0100 (CET): GET /about 
Mon Nov 28 2016 23:06:39 GMT+0100 (CET): GET /stylesheets/bootstrap.css 
Mon Nov 28 2016 23:06:39 GMT+0100 (CET): GET /javascripts/bootstrap.min.js 
Mon Nov 28 2016 23:07:52 GMT+0100 (CET): GET /login 
Mon Nov 28 2016 23:07:52 GMT+0100 (CET): GET /stylesheets/bootstrap.css 
Mon Nov 28 2016 23:07:52 GMT+0100 (CET): GET /stylesheets/style.css 
Mon Nov 28 2016 23:07:52 GMT+0100 (CET): GET /javascripts/bootstrap.min.js 
Mon Nov 28 2016 23:08:52 GMT+0100 (CET): GET /login 
Mon Nov 28 2016 23:08:52 GMT+0100 (CET): GET /stylesheets/bootstrap.css 
Mon Nov 28 2016 23:08:52 GMT+0100 (CET): GET /stylesheets/style.css 
Mon Nov 28 2016 23:08:52 GMT+0100 (CET): GET /javascripts/bootstrap.min.js 
Mon Nov 28 2016 23:09:01 GMT+0100 (CET): GET / 
Mon Nov 28 2016 23:09:01 GMT+0100 (CET): GET /stylesheets/bootstrap.css 
Mon Nov 28 2016 23:09:02 GMT+0100 (CET): GET /about 
Mon Nov 28 2016 23:09:02 GMT+0100 (CET): GET /stylesheets/bootstrap.css 
Mon Nov 28 2016 23:09:03 GMT+0100 (CET): GET /javascripts/bootstrap.min.js 
Mon Nov 28 2016 23:11:02 GMT+0100 (CET): GET /login 
Mon Nov 28 2016 23:11:02 GMT+0100 (CET): GET /stylesheets/bootstrap.css 
Mon Nov 28 2016 23:11:02 GMT+0100 (CET): GET /stylesheets/style.css 
Mon Nov 28 2016 23:11:03 GMT+0100 (CET): GET /javascripts/bootstrap.min.js 
Mon Nov 28 2016 23:11:08 GMT+0100 (CET): GET /about 
Mon Nov 28 2016 23:11:08 GMT+0100 (CET): GET /stylesheets/bootstrap.css 
Mon Nov 28 2016 23:11:08 GMT+0100 (CET): GET /javascripts/bootstrap.min.js 
Mon Nov 28 2016 23:11:11 GMT+0100 (CET): GET /login 
Mon Nov 28 2016 23:11:11 GMT+0100 (CET): GET /stylesheets/bootstrap.css 
Mon Nov 28 2016 23:11:11 GMT+0100 (CET): GET /stylesheets/style.css 
Mon Nov 28 2016 23:11:11 GMT+0100 (CET): GET /javascripts/bootstrap.min.js 
Mon Nov 28 2016 23:11:14 GMT+0100 (CET): GET /about 
Mon Nov 28 2016 23:11:14 GMT+0100 (CET): GET /stylesheets/bootstrap.css 
Mon Nov 28 2016 23:11:14 GMT+0100 (CET): GET /javascripts/bootstrap.min.js 
Mon Nov 28 2016 23:11:50 GMT+0100 (CET): GET /login 
Mon Nov 28 2016 23:11:50 GMT+0100 (CET): GET /stylesheets/bootstrap.css 
Mon Nov 28 2016 23:11:50 GMT+0100 (CET): GET /stylesheets/style.css 
Mon Nov 28 2016 23:11:50 GMT+0100 (CET): GET /javascripts/bootstrap.min.js 
Mon Nov 28 2016 23:11:52 GMT+0100 (CET): GET /about 
Mon Nov 28 2016 23:11:52 GMT+0100 (CET): GET /stylesheets/bootstrap.css 
Mon Nov 28 2016 23:11:52 GMT+0100 (CET): GET /javascripts/bootstrap.min.js 
Mon Nov 28 2016 23:11:54 GMT+0100 (CET): GET /login 
Mon Nov 28 2016 23:11:54 GMT+0100 (CET): GET /stylesheets/bootstrap.css 
Mon Nov 28 2016 23:11:54 GMT+0100 (CET): GET /stylesheets/style.css 
Mon Nov 28 2016 23:11:54 GMT+0100 (CET): GET /javascripts/bootstrap.min.js 
Mon Nov 28 2016 23:11:55 GMT+0100 (CET): GET /about 
Mon Nov 28 2016 23:11:55 GMT+0100 (CET): GET /stylesheets/bootstrap.css 
Mon Nov 28 2016 23:11:55 GMT+0100 (CET): GET /javascripts/bootstrap.min.js 
Mon Nov 28 2016 23:13:07 GMT+0100 (CET): GET /about 
Mon Nov 28 2016 23:13:07 GMT+0100 (CET): GET /stylesheets/bootstrap.css 
Mon Nov 28 2016 23:13:07 GMT+0100 (CET): GET /javascripts/bootstrap.min.js 
Mon Nov 28 2016 23:13:11 GMT+0100 (CET): GET /login 
Mon Nov 28 2016 23:13:11 GMT+0100 (CET): GET /stylesheets/bootstrap.css 
Mon Nov 28 2016 23:13:11 GMT+0100 (CET): GET /stylesheets/style.css 
Mon Nov 28 2016 23:13:11 GMT+0100 (CET): GET /javascripts/bootstrap.min.js 
Mon Nov 28 2016 23:14:06 GMT+0100 (CET): GET /login 
Mon Nov 28 2016 23:14:06 GMT+0100 (CET): GET /stylesheets/bootstrap.css 
Mon Nov 28 2016 23:14:06 GMT+0100 (CET): GET /stylesheets/style.css 
Mon Nov 28 2016 23:14:06 GMT+0100 (CET): GET /javascripts/bootstrap.min.js 
Mon Nov 28 2016 23:14:47 GMT+0100 (CET): GET /login 
Mon Nov 28 2016 23:14:47 GMT+0100 (CET): GET /stylesheets/bootstrap.css 
Mon Nov 28 2016 23:14:47 GMT+0100 (CET): GET /stylesheets/style.css 
Mon Nov 28 2016 23:14:47 GMT+0100 (CET): GET /javascripts/bootstrap.min.js 
Mon Nov 28 2016 23:15:47 GMT+0100 (CET): GET /login 
Mon Nov 28 2016 23:15:47 GMT+0100 (CET): GET /stylesheets/bootstrap.css 
Mon Nov 28 2016 23:15:47 GMT+0100 (CET): GET /stylesheets/style.css 
Mon Nov 28 2016 23:15:47 GMT+0100 (CET): GET /javascripts/bootstrap.min.js 
Mon Nov 28 2016 23:15:49 GMT+0100 (CET): GET /login 
Mon Nov 28 2016 23:15:49 GMT+0100 (CET): GET /stylesheets/bootstrap.css 
Mon Nov 28 2016 23:15:49 GMT+0100 (CET): GET /stylesheets/style.css 
Mon Nov 28 2016 23:15:49 GMT+0100 (CET): GET /javascripts/bootstrap.min.js 
Mon Nov 28 2016 23:16:42 GMT+0100 (CET): GET /login 
Mon Nov 28 2016 23:16:42 GMT+0100 (CET): GET /stylesheets/bootstrap.css 
Mon Nov 28 2016 23:16:42 GMT+0100 (CET): GET /stylesheets/style.css 
Mon Nov 28 2016 23:16:42 GMT+0100 (CET): GET /javascripts/bootstrap.min.js 
Mon Nov 28 2016 23:17:12 GMT+0100 (CET): GET /login 
Mon Nov 28 2016 23:17:12 GMT+0100 (CET): GET /stylesheets/bootstrap.css 
Mon Nov 28 2016 23:17:12 GMT+0100 (CET): GET /stylesheets/style.css 
Mon Nov 28 2016 23:17:12 GMT+0100 (CET): GET /javascripts/bootstrap.min.js 
Mon Nov 28 2016 23:17:24 GMT+0100 (CET): GET /login 
Mon Nov 28 2016 23:17:24 GMT+0100 (CET): GET /stylesheets/bootstrap.css 
Mon Nov 28 2016 23:17:24 GMT+0100 (CET): GET /stylesheets/style.css 
Mon Nov 28 2016 23:17:24 GMT+0100 (CET): GET /javascripts/bootstrap.min.js 
Mon Nov 28 2016 23:20:21 GMT+0100 (CET): GET /login 
Mon Nov 28 2016 23:20:21 GMT+0100 (CET): GET /stylesheets/bootstrap.css 
Mon Nov 28 2016 23:20:21 GMT+0100 (CET): GET /stylesheets/style.css 
Mon Nov 28 2016 23:20:21 GMT+0100 (CET): GET /javascripts/bootstrap.min.js 
Mon Nov 28 2016 23:20:43 GMT+0100 (CET): GET /login 
Mon Nov 28 2016 23:20:43 GMT+0100 (CET): GET /stylesheets/bootstrap.css 
Mon Nov 28 2016 23:20:43 GMT+0100 (CET): GET /stylesheets/style.css 
Mon Nov 28 2016 23:20:43 GMT+0100 (CET): GET /javascripts/bootstrap.min.js 
Mon Nov 28 2016 23:21:17 GMT+0100 (CET): GET /login 
Mon Nov 28 2016 23:21:17 GMT+0100 (CET): GET /stylesheets/bootstrap.css 
Mon Nov 28 2016 23:21:17 GMT+0100 (CET): GET /stylesheets/style.css 
Mon Nov 28 2016 23:21:17 GMT+0100 (CET): GET /javascripts/bootstrap.min.js 
Mon Nov 28 2016 23:21:41 GMT+0100 (CET): GET /about 
Mon Nov 28 2016 23:21:41 GMT+0100 (CET): GET /stylesheets/bootstrap.css 
Mon Nov 28 2016 23:21:41 GMT+0100 (CET): GET /javascripts/bootstrap.min.js 
Mon Nov 28 2016 23:21:45 GMT+0100 (CET): GET /projects 
Mon Nov 28 2016 23:21:45 GMT+0100 (CET): GET /stylesheets/bootstrap.css 
Mon Nov 28 2016 23:21:48 GMT+0100 (CET): GET /login 
Mon Nov 28 2016 23:21:48 GMT+0100 (CET): GET /stylesheets/bootstrap.css 
Mon Nov 28 2016 23:21:48 GMT+0100 (CET): GET /stylesheets/style.css 
Mon Nov 28 2016 23:21:48 GMT+0100 (CET): GET /javascripts/bootstrap.min.js 
Mon Nov 28 2016 23:21:51 GMT+0100 (CET): GET / 
Mon Nov 28 2016 23:21:51 GMT+0100 (CET): GET /stylesheets/bootstrap.css 
Mon Nov 28 2016 23:22:44 GMT+0100 (CET): GET /about 
Mon Nov 28 2016 23:22:44 GMT+0100 (CET): GET /stylesheets/bootstrap.css 
Mon Nov 28 2016 23:22:44 GMT+0100 (CET): GET /javascripts/bootstrap.min.js 
Mon Nov 28 2016 23:22:46 GMT+0100 (CET): GET /about 
Mon Nov 28 2016 23:22:46 GMT+0100 (CET): GET /stylesheets/bootstrap.css 
Mon Nov 28 2016 23:22:46 GMT+0100 (CET): GET /javascripts/bootstrap.min.js 
Mon Nov 28 2016 23:22:52 GMT+0100 (CET): GET /login 
Mon Nov 28 2016 23:22:52 GMT+0100 (CET): GET /stylesheets/bootstrap.css 
Mon Nov 28 2016 23:22:52 GMT+0100 (CET): GET /stylesheets/style.css 
Mon Nov 28 2016 23:22:52 GMT+0100 (CET): GET /javascripts/bootstrap.min.js 
Mon Nov 28 2016 23:23:15 GMT+0100 (CET): GET /about 
Mon Nov 28 2016 23:23:15 GMT+0100 (CET): GET /stylesheets/bootstrap.css 
Mon Nov 28 2016 23:23:15 GMT+0100 (CET): GET /javascripts/bootstrap.min.js 
Mon Nov 28 2016 23:23:45 GMT+0100 (CET): GET /about 
Mon Nov 28 2016 23:23:45 GMT+0100 (CET): GET /stylesheets/bootstrap.css 
Mon Nov 28 2016 23:23:45 GMT+0100 (CET): GET /javascripts/bootstrap.min.js 
Mon Nov 28 2016 23:24:55 GMT+0100 (CET): GET /about 
Mon Nov 28 2016 23:24:55 GMT+0100 (CET): GET /stylesheets/bootstrap.css 
Mon Nov 28 2016 23:24:55 GMT+0100 (CET): GET /javascripts/bootstrap.min.js 
Mon Nov 28 2016 23:24:57 GMT+0100 (CET): GET /about 
Mon Nov 28 2016 23:24:57 GMT+0100 (CET): GET /stylesheets/bootstrap.css 
Mon Nov 28 2016 23:24:57 GMT+0100 (CET): GET /javascripts/bootstrap.min.js 
Mon Nov 28 2016 23:24:58 GMT+0100 (CET): GET /login 
Mon Nov 28 2016 23:24:58 GMT+0100 (CET): GET /stylesheets/bootstrap.css 
Mon Nov 28 2016 23:24:58 GMT+0100 (CET): GET /stylesheets/style.css 
Mon Nov 28 2016 23:24:58 GMT+0100 (CET): GET /javascripts/bootstrap.min.js 
Mon Nov 28 2016 23:25:01 GMT+0100 (CET): GET /about 
Mon Nov 28 2016 23:25:01 GMT+0100 (CET): GET /stylesheets/bootstrap.css 
Mon Nov 28 2016 23:25:01 GMT+0100 (CET): GET /javascripts/bootstrap.min.js 
Mon Nov 28 2016 23:25:41 GMT+0100 (CET): GET /login 
Mon Nov 28 2016 23:25:41 GMT+0100 (CET): GET /stylesheets/bootstrap.css 
Mon Nov 28 2016 23:25:41 GMT+0100 (CET): GET /stylesheets/style.css 
Mon Nov 28 2016 23:25:41 GMT+0100 (CET): GET /javascripts/bootstrap.min.js 
Mon Nov 28 2016 23:25:43 GMT+0100 (CET): GET /about 
Mon Nov 28 2016 23:25:43 GMT+0100 (CET): GET /stylesheets/bootstrap.css 
Mon Nov 28 2016 23:25:43 GMT+0100 (CET): GET /javascripts/bootstrap.min.js 
Mon Nov 28 2016 23:25:58 GMT+0100 (CET): GET /about 
Mon Nov 28 2016 23:25:58 GMT+0100 (CET): GET /stylesheets/bootstrap.css 
Mon Nov 28 2016 23:25:58 GMT+0100 (CET): GET /javascripts/bootstrap.min.js 
Mon Nov 28 2016 23:26:00 GMT+0100 (CET): GET /login 
Mon Nov 28 2016 23:26:00 GMT+0100 (CET): GET /stylesheets/bootstrap.css 
Mon Nov 28 2016 23:26:00 GMT+0100 (CET): GET /stylesheets/style.css 
Mon Nov 28 2016 23:26:00 GMT+0100 (CET): GET /javascripts/bootstrap.min.js 
Mon Nov 28 2016 23:26:09 GMT+0100 (CET): GET /about 
Mon Nov 28 2016 23:26:09 GMT+0100 (CET): GET /stylesheets/bootstrap.css 
Mon Nov 28 2016 23:26:09 GMT+0100 (CET): GET /javascripts/bootstrap.min.js 
Mon Nov 28 2016 23:26:31 GMT+0100 (CET): GET /about 
Mon Nov 28 2016 23:26:31 GMT+0100 (CET): GET /stylesheets/bootstrap.css 
Mon Nov 28 2016 23:26:31 GMT+0100 (CET): GET /javascripts/bootstrap.min.js 
Mon Nov 28 2016 23:27:15 GMT+0100 (CET): GET /about 
Mon Nov 28 2016 23:27:15 GMT+0100 (CET): GET /stylesheets/bootstrap.css 
Mon Nov 28 2016 23:27:15 GMT+0100 (CET): GET /javascripts/bootstrap.min.js 
Mon Nov 28 2016 23:27:36 GMT+0100 (CET): GET /about 
Mon Nov 28 2016 23:27:36 GMT+0100 (CET): GET /stylesheets/bootstrap.css 
Mon Nov 28 2016 23:27:36 GMT+0100 (CET): GET /javascripts/bootstrap.min.js 
Mon Nov 28 2016 23:29:38 GMT+0100 (CET): GET /about 
Mon Nov 28 2016 23:29:38 GMT+0100 (CET): GET /stylesheets/bootstrap.css 
Mon Nov 28 2016 23:29:38 GMT+0100 (CET): GET /javascripts/bootstrap.min.js 
Mon Nov 28 2016 23:29:42 GMT+0100 (CET): GET /login 
Mon Nov 28 2016 23:29:42 GMT+0100 (CET): GET /stylesheets/bootstrap.css 
Mon Nov 28 2016 23:29:42 GMT+0100 (CET): GET /stylesheets/style.css 
Mon Nov 28 2016 23:29:42 GMT+0100 (CET): GET /javascripts/bootstrap.min.js 
Mon Nov 28 2016 23:30:00 GMT+0100 (CET): GET /about 
Mon Nov 28 2016 23:30:00 GMT+0100 (CET): GET /stylesheets/bootstrap.css 
Mon Nov 28 2016 23:30:00 GMT+0100 (CET): GET /javascripts/bootstrap.min.js 
Tue Nov 29 2016 15:10:02 GMT+0100 (CET): GET / 
Tue Nov 29 2016 15:10:02 GMT+0100 (CET): GET /stylesheets/bootstrap.css 
Tue Nov 29 2016 15:10:04 GMT+0100 (CET): GET /about 
Tue Nov 29 2016 15:10:04 GMT+0100 (CET): GET /stylesheets/bootstrap.css 
Tue Nov 29 2016 15:10:04 GMT+0100 (CET): GET /javascripts/bootstrap.min.js 
Tue Nov 29 2016 15:10:23 GMT+0100 (CET): GET /login 
Tue Nov 29 2016 15:10:23 GMT+0100 (CET): GET /stylesheets/bootstrap.css 
Tue Nov 29 2016 15:10:23 GMT+0100 (CET): GET /stylesheets/style.css 
Tue Nov 29 2016 15:10:23 GMT+0100 (CET): GET /javascripts/bootstrap.min.js 
Tue Nov 29 2016 15:10:47 GMT+0100 (CET): GET /login?first_name=&last_name=&email=&password=&password_confirmation= 
Tue Nov 29 2016 15:10:47 GMT+0100 (CET): GET /stylesheets/bootstrap.css 
Tue Nov 29 2016 15:10:47 GMT+0100 (CET): GET /stylesheets/style.css 
Tue Nov 29 2016 15:10:48 GMT+0100 (CET): GET /javascripts/bootstrap.min.js 
Wed Nov 30 2016 16:23:27 GMT+0100 (CET): GET / 
Wed Nov 30 2016 16:23:27 GMT+0100 (CET): GET /stylesheets/bootstrap.css 
Wed Nov 30 2016 16:23:28 GMT+0100 (CET): GET /favicon.ico 
Wed Nov 30 2016 16:23:38 GMT+0100 (CET): GET /about 
Wed Nov 30 2016 16:23:38 GMT+0100 (CET): GET /stylesheets/bootstrap.css 
Wed Nov 30 2016 16:23:38 GMT+0100 (CET): GET /javascripts/bootstrap.min.js 
Wed Nov 30 2016 16:23:42 GMT+0100 (CET): GET / 
Wed Nov 30 2016 16:23:42 GMT+0100 (CET): GET /stylesheets/bootstrap.css 
Wed Nov 30 2016 16:40:19 GMT+0100 (CET): GET / 
Wed Nov 30 2016 16:40:19 GMT+0100 (CET): GET /stylesheets/bootstrap.css 
Wed Nov 30 2016 16:40:26 GMT+0100 (CET): GET /add 
Wed Nov 30 2016 16:43:21 GMT+0100 (CET): GET /projects 
Wed Nov 30 2016 16:43:21 GMT+0100 (CET): GET /stylesheets/bootstrap.css 
Wed Nov 30 2016 16:43:27 GMT+0100 (CET): GET /login 
Wed Nov 30 2016 16:43:27 GMT+0100 (CET): GET /stylesheets/bootstrap.css 
Wed Nov 30 2016 16:43:27 GMT+0100 (CET): GET /stylesheets/style.css 
Wed Nov 30 2016 16:43:27 GMT+0100 (CET): GET /javascripts/bootstrap.min.js 
Wed Nov 30 2016 16:44:21 GMT+0100 (CET): GET /login 
Wed Nov 30 2016 16:44:21 GMT+0100 (CET): GET /stylesheets/bootstrap.css 
Wed Nov 30 2016 16:44:21 GMT+0100 (CET): GET /stylesheets/style.css 
Wed Nov 30 2016 16:44:21 GMT+0100 (CET): GET /javascripts/bootstrap.min.js 
Wed Nov 30 2016 16:44:26 GMT+0100 (CET): GET /add 
Wed Nov 30 2016 16:44:26 GMT+0100 (CET): GET /stylesheets/bootstrap.css 
Wed Nov 30 2016 16:44:26 GMT+0100 (CET): GET /javascripts/bootstrap.min.js 
Wed Nov 30 2016 16:47:22 GMT+0100 (CET): GET /add 
Wed Nov 30 2016 16:47:22 GMT+0100 (CET): GET /stylesheets/bootstrap.css 
Wed Nov 30 2016 16:47:22 GMT+0100 (CET): GET /javascripts/bootstrap.min.js 
Wed Nov 30 2016 21:20:33 GMT+0100 (CET): POST /todo/create 
Wed Nov 30 2016 21:22:02 GMT+0100 (CET): POST /todo/create 
Wed Nov 30 2016 21:22:14 GMT+0100 (CET): POST /todo/create 
Wed Nov 30 2016 21:22:21 GMT+0100 (CET): POST /todo/create 
Wed Nov 30 2016 21:23:20 GMT+0100 (CET): GET / 
Wed Nov 30 2016 21:23:20 GMT+0100 (CET): GET /stylesheets/bootstrap.css 
Wed Nov 30 2016 21:23:22 GMT+0100 (CET): GET /about 
Wed Nov 30 2016 21:23:22 GMT+0100 (CET): GET /stylesheets/bootstrap.css 
Wed Nov 30 2016 21:23:22 GMT+0100 (CET): GET /javascripts/bootstrap.min.js 
Wed Nov 30 2016 21:23:30 GMT+0100 (CET): GET /add 
Wed Nov 30 2016 21:23:30 GMT+0100 (CET): GET /stylesheets/bootstrap.css 
Wed Nov 30 2016 21:23:30 GMT+0100 (CET): GET /javascripts/bootstrap.min.js 
Wed Nov 30 2016 21:23:37 GMT+0100 (CET): POST /about 
Wed Nov 30 2016 21:26:48 GMT+0100 (CET): GET /about 
Wed Nov 30 2016 21:26:48 GMT+0100 (CET): GET /stylesheets/bootstrap.css 
Wed Nov 30 2016 21:26:48 GMT+0100 (CET): GET /javascripts/bootstrap.min.js 
Wed Nov 30 2016 21:26:54 GMT+0100 (CET): GET /add 
Wed Nov 30 2016 21:26:54 GMT+0100 (CET): GET /stylesheets/bootstrap.css 
Wed Nov 30 2016 21:26:54 GMT+0100 (CET): GET /javascripts/bootstrap.min.js 
Wed Nov 30 2016 21:26:59 GMT+0100 (CET): POST /about 
Wed Nov 30 2016 21:27:42 GMT+0100 (CET): POST /about 
Wed Nov 30 2016 21:27:53 GMT+0100 (CET): GET / 
Wed Nov 30 2016 21:27:53 GMT+0100 (CET): GET /stylesheets/bootstrap.css 
Wed Nov 30 2016 21:27:55 GMT+0100 (CET): GET /about 
Wed Nov 30 2016 21:27:55 GMT+0100 (CET): GET /stylesheets/bootstrap.css 
Wed Nov 30 2016 21:27:55 GMT+0100 (CET): GET /javascripts/bootstrap.min.js 
Wed Nov 30 2016 21:28:00 GMT+0100 (CET): GET /add 
Wed Nov 30 2016 21:28:01 GMT+0100 (CET): GET /stylesheets/bootstrap.css 
Wed Nov 30 2016 21:28:01 GMT+0100 (CET): GET /javascripts/bootstrap.min.js 
Wed Nov 30 2016 21:28:04 GMT+0100 (CET): POST /add/create 
Wed Nov 30 2016 21:35:43 GMT+0100 (CET): GET / 
Wed Nov 30 2016 21:35:43 GMT+0100 (CET): GET /stylesheets/bootstrap.css 
Wed Nov 30 2016 21:35:49 GMT+0100 (CET): GET /add 
Wed Nov 30 2016 21:35:49 GMT+0100 (CET): GET /stylesheets/bootstrap.css 
Wed Nov 30 2016 21:35:49 GMT+0100 (CET): GET /javascripts/bootstrap.min.js 
Wed Nov 30 2016 21:35:54 GMT+0100 (CET): POST /add/create 
Wed Nov 30 2016 21:37:43 GMT+0100 (CET): POST /add/create 
Wed Nov 30 2016 21:37:50 GMT+0100 (CET): GET /about 
Wed Nov 30 2016 21:37:50 GMT+0100 (CET): GET /stylesheets/bootstrap.css 
Wed Nov 30 2016 21:37:50 GMT+0100 (CET): GET /javascripts/bootstrap.min.js 
Wed Nov 30 2016 21:37:57 GMT+0100 (CET): GET /add 
Wed Nov 30 2016 21:37:57 GMT+0100 (CET): GET /stylesheets/bootstrap.css 
Wed Nov 30 2016 21:37:57 GMT+0100 (CET): GET /javascripts/bootstrap.min.js 
Wed Nov 30 2016 21:38:00 GMT+0100 (CET): POST /add/showall 
Wed Nov 30 2016 21:49:59 GMT+0100 (CET): GET /add 
Wed Nov 30 2016 21:49:59 GMT+0100 (CET): GET /stylesheets/bootstrap.css 
Wed Nov 30 2016 21:49:59 GMT+0100 (CET): GET /javascripts/bootstrap.min.js 
Wed Nov 30 2016 21:50:04 GMT+0100 (CET): POST /add/showall 
Wed Nov 30 2016 21:51:01 GMT+0100 (CET): GET / 
Wed Nov 30 2016 21:51:01 GMT+0100 (CET): GET /stylesheets/bootstrap.css 
Wed Nov 30 2016 21:51:10 GMT+0100 (CET): GET /login 
Wed Nov 30 2016 21:51:10 GMT+0100 (CET): GET /stylesheets/bootstrap.css 
Wed Nov 30 2016 21:51:10 GMT+0100 (CET): GET /stylesheets/style.css 
Wed Nov 30 2016 21:51:11 GMT+0100 (CET): GET /javascripts/bootstrap.min.js 
Wed Nov 30 2016 21:52:06 GMT+0100 (CET): GET /login 
Wed Nov 30 2016 21:52:06 GMT+0100 (CET): GET /stylesheets/bootstrap.css 
Wed Nov 30 2016 21:52:06 GMT+0100 (CET): GET /stylesheets/style.css 
Wed Nov 30 2016 21:52:06 GMT+0100 (CET): GET /javascripts/bootstrap.min.js 
Wed Nov 30 2016 21:54:22 GMT+0100 (CET): GET /about 
Wed Nov 30 2016 21:54:22 GMT+0100 (CET): GET /stylesheets/bootstrap.css 
Wed Nov 30 2016 21:54:22 GMT+0100 (CET): GET /javascripts/bootstrap.min.js 
Wed Nov 30 2016 21:56:37 GMT+0100 (CET): GET /about 
Wed Nov 30 2016 21:56:37 GMT+0100 (CET): GET /stylesheets/bootstrap.css 
Wed Nov 30 2016 21:56:37 GMT+0100 (CET): GET /javascripts/bootstrap.min.js 
Wed Nov 30 2016 21:56:44 GMT+0100 (CET): GET / 
Wed Nov 30 2016 21:56:47 GMT+0100 (CET): GET /about 
Wed Nov 30 2016 21:56:47 GMT+0100 (CET): GET /stylesheets/bootstrap.css 
Wed Nov 30 2016 21:56:47 GMT+0100 (CET): GET /javascripts/bootstrap.min.js 
Wed Nov 30 2016 21:56:49 GMT+0100 (CET): GET /about 
Wed Nov 30 2016 21:56:49 GMT+0100 (CET): GET /stylesheets/bootstrap.css 
Wed Nov 30 2016 21:56:49 GMT+0100 (CET): GET /javascripts/bootstrap.min.js 
Wed Nov 30 2016 21:56:50 GMT+0100 (CET): GET /projects 
Wed Nov 30 2016 21:56:53 GMT+0100 (CET): GET /login 
Wed Nov 30 2016 21:56:53 GMT+0100 (CET): GET /stylesheets/bootstrap.css 
Wed Nov 30 2016 21:56:53 GMT+0100 (CET): GET /stylesheets/style.css 
Wed Nov 30 2016 21:56:53 GMT+0100 (CET): GET /javascripts/bootstrap.min.js 
Wed Nov 30 2016 21:56:57 GMT+0100 (CET): GET / 
Wed Nov 30 2016 21:57:16 GMT+0100 (CET): GET /about 
Wed Nov 30 2016 21:57:16 GMT+0100 (CET): GET /stylesheets/bootstrap.css 
Wed Nov 30 2016 21:57:16 GMT+0100 (CET): GET /javascripts/bootstrap.min.js 
Wed Nov 30 2016 21:57:17 GMT+0100 (CET): GET /about 
Wed Nov 30 2016 21:57:17 GMT+0100 (CET): GET /stylesheets/bootstrap.css 
Wed Nov 30 2016 21:57:17 GMT+0100 (CET): GET /javascripts/bootstrap.min.js 
Wed Nov 30 2016 21:57:34 GMT+0100 (CET): GET /about 
Wed Nov 30 2016 21:57:34 GMT+0100 (CET): GET /stylesheets/bootstrap.css 
Wed Nov 30 2016 21:57:34 GMT+0100 (CET): GET /javascripts/bootstrap.min.js 
Wed Nov 30 2016 21:57:36 GMT+0100 (CET): GET /about 
Wed Nov 30 2016 21:57:36 GMT+0100 (CET): GET /stylesheets/bootstrap.css 
Wed Nov 30 2016 21:57:36 GMT+0100 (CET): GET /javascripts/bootstrap.min.js 
Wed Nov 30 2016 21:57:46 GMT+0100 (CET): GET /about 
Wed Nov 30 2016 21:57:46 GMT+0100 (CET): GET /stylesheets/bootstrap.css 
Wed Nov 30 2016 21:57:46 GMT+0100 (CET): GET /javascripts/bootstrap.min.js 
Wed Nov 30 2016 21:57:50 GMT+0100 (CET): GET /login 
Wed Nov 30 2016 21:57:50 GMT+0100 (CET): GET /stylesheets/bootstrap.css 
Wed Nov 30 2016 21:57:50 GMT+0100 (CET): GET /stylesheets/style.css 
Wed Nov 30 2016 21:57:50 GMT+0100 (CET): GET /javascripts/bootstrap.min.js 
Wed Nov 30 2016 21:57:52 GMT+0100 (CET): GET /about 
Wed Nov 30 2016 21:57:52 GMT+0100 (CET): GET /stylesheets/bootstrap.css 
Wed Nov 30 2016 21:57:52 GMT+0100 (CET): GET /javascripts/bootstrap.min.js 
Wed Nov 30 2016 21:58:35 GMT+0100 (CET): GET / 
Wed Nov 30 2016 21:58:38 GMT+0100 (CET): GET / 
Wed Nov 30 2016 21:59:25 GMT+0100 (CET): GET / 
Wed Nov 30 2016 21:59:25 GMT+0100 (CET): GET /stylesheets/bootstrap.css 
Wed Nov 30 2016 21:59:25 GMT+0100 (CET): GET /javascripts/bootstrap.min.js 
Wed Nov 30 2016 21:59:28 GMT+0100 (CET): GET /about 
Wed Nov 30 2016 21:59:28 GMT+0100 (CET): GET /stylesheets/bootstrap.css 
Wed Nov 30 2016 21:59:28 GMT+0100 (CET): GET /javascripts/bootstrap.min.js 
Wed Nov 30 2016 21:59:30 GMT+0100 (CET): GET /about 
Wed Nov 30 2016 21:59:30 GMT+0100 (CET): GET /stylesheets/bootstrap.css 
Wed Nov 30 2016 21:59:30 GMT+0100 (CET): GET /javascripts/bootstrap.min.js 
Wed Nov 30 2016 21:59:38 GMT+0100 (CET): GET /about 
Wed Nov 30 2016 21:59:38 GMT+0100 (CET): GET /stylesheets/bootstrap.css 
Wed Nov 30 2016 21:59:38 GMT+0100 (CET): GET /javascripts/bootstrap.min.js 
Wed Nov 30 2016 21:59:40 GMT+0100 (CET): GET /about 
Wed Nov 30 2016 21:59:40 GMT+0100 (CET): GET /stylesheets/bootstrap.css 
Wed Nov 30 2016 21:59:40 GMT+0100 (CET): GET /javascripts/bootstrap.min.js 
Wed Nov 30 2016 22:00:15 GMT+0100 (CET): GET /about 
Wed Nov 30 2016 22:00:20 GMT+0100 (CET): GET / 
Wed Nov 30 2016 22:00:20 GMT+0100 (CET): GET /stylesheets/bootstrap.css 
Wed Nov 30 2016 22:00:20 GMT+0100 (CET): GET /javascripts/bootstrap.min.js 
Wed Nov 30 2016 22:00:23 GMT+0100 (CET): GET /about 
Wed Nov 30 2016 22:00:53 GMT+0100 (CET): GET /about 
Wed Nov 30 2016 22:00:56 GMT+0100 (CET): GET /about 
Wed Nov 30 2016 22:01:09 GMT+0100 (CET): GET / 
Wed Nov 30 2016 22:01:09 GMT+0100 (CET): GET /stylesheets/bootstrap.css 
Wed Nov 30 2016 22:01:10 GMT+0100 (CET): GET /javascripts/bootstrap.min.js 
Wed Nov 30 2016 22:01:12 GMT+0100 (CET): GET /about 
Wed Nov 30 2016 22:01:16 GMT+0100 (CET): GET / 
Wed Nov 30 2016 22:01:16 GMT+0100 (CET): GET /stylesheets/bootstrap.css 
Wed Nov 30 2016 22:01:16 GMT+0100 (CET): GET /javascripts/bootstrap.min.js 
Wed Nov 30 2016 22:01:18 GMT+0100 (CET): GET /login 
Wed Nov 30 2016 22:01:18 GMT+0100 (CET): GET /stylesheets/bootstrap.css 
Wed Nov 30 2016 22:01:18 GMT+0100 (CET): GET /stylesheets/style.css 
Wed Nov 30 2016 22:01:19 GMT+0100 (CET): GET /javascripts/bootstrap.min.js 
Wed Nov 30 2016 22:01:20 GMT+0100 (CET): GET / 
Wed Nov 30 2016 22:01:20 GMT+0100 (CET): GET /stylesheets/bootstrap.css 
Wed Nov 30 2016 22:01:20 GMT+0100 (CET): GET /javascripts/bootstrap.min.js 
Wed Nov 30 2016 22:02:03 GMT+0100 (CET): GET / 
Wed Nov 30 2016 22:02:03 GMT+0100 (CET): GET /stylesheets/bootstrap.css 
Wed Nov 30 2016 22:02:04 GMT+0100 (CET): GET /javascripts/bootstrap.min.js 
Wed Nov 30 2016 22:02:06 GMT+0100 (CET): GET / 
Wed Nov 30 2016 22:02:06 GMT+0100 (CET): GET /stylesheets/bootstrap.css 
Wed Nov 30 2016 22:02:06 GMT+0100 (CET): GET /javascripts/bootstrap.min.js 
Wed Nov 30 2016 22:02:07 GMT+0100 (CET): GET / 
Wed Nov 30 2016 22:02:08 GMT+0100 (CET): GET /stylesheets/bootstrap.css 
Wed Nov 30 2016 22:02:08 GMT+0100 (CET): GET /javascripts/bootstrap.min.js 
Wed Nov 30 2016 22:02:09 GMT+0100 (CET): GET /login 
Wed Nov 30 2016 22:02:09 GMT+0100 (CET): GET /stylesheets/bootstrap.css 
Wed Nov 30 2016 22:02:09 GMT+0100 (CET): GET /stylesheets/style.css 
Wed Nov 30 2016 22:02:09 GMT+0100 (CET): GET /javascripts/bootstrap.min.js 
Wed Nov 30 2016 22:02:13 GMT+0100 (CET): GET / 
Wed Nov 30 2016 22:02:13 GMT+0100 (CET): GET /stylesheets/bootstrap.css 
Wed Nov 30 2016 22:02:13 GMT+0100 (CET): GET /javascripts/bootstrap.min.js 
Wed Nov 30 2016 22:03:51 GMT+0100 (CET): GET / 
Wed Nov 30 2016 22:03:51 GMT+0100 (CET): GET /stylesheets/bootstrap.css 
Wed Nov 30 2016 22:03:51 GMT+0100 (CET): GET /javascripts/bootstrap.min.js 
Wed Nov 30 2016 22:03:53 GMT+0100 (CET): GET / 
Wed Nov 30 2016 22:03:53 GMT+0100 (CET): GET /stylesheets/bootstrap.css 
Wed Nov 30 2016 22:03:53 GMT+0100 (CET): GET /javascripts/bootstrap.min.js 
Wed Nov 30 2016 22:03:54 GMT+0100 (CET): GET /login 
Wed Nov 30 2016 22:03:54 GMT+0100 (CET): GET /stylesheets/bootstrap.css 
Wed Nov 30 2016 22:03:54 GMT+0100 (CET): GET /stylesheets/style.css 
Wed Nov 30 2016 22:03:54 GMT+0100 (CET): GET /javascripts/bootstrap.min.js 
Wed Nov 30 2016 22:03:55 GMT+0100 (CET): GET / 
Wed Nov 30 2016 22:03:55 GMT+0100 (CET): GET /stylesheets/bootstrap.css 
Wed Nov 30 2016 22:03:55 GMT+0100 (CET): GET /javascripts/bootstrap.min.js 
Wed Nov 30 2016 22:03:58 GMT+0100 (CET): GET /login 
Wed Nov 30 2016 22:03:58 GMT+0100 (CET): GET /stylesheets/bootstrap.css 
Wed Nov 30 2016 22:03:58 GMT+0100 (CET): GET /stylesheets/style.css 
Wed Nov 30 2016 22:03:58 GMT+0100 (CET): GET /javascripts/bootstrap.min.js 
Wed Nov 30 2016 22:04:00 GMT+0100 (CET): GET / 
Wed Nov 30 2016 22:04:00 GMT+0100 (CET): GET /stylesheets/bootstrap.css 
Wed Nov 30 2016 22:04:00 GMT+0100 (CET): GET /javascripts/bootstrap.min.js 
Wed Nov 30 2016 22:04:04 GMT+0100 (CET): GET /login 
Wed Nov 30 2016 22:04:04 GMT+0100 (CET): GET /stylesheets/bootstrap.css 
Wed Nov 30 2016 22:04:04 GMT+0100 (CET): GET /stylesheets/style.css 
Wed Nov 30 2016 22:04:04 GMT+0100 (CET): GET /javascripts/bootstrap.min.js 
Wed Nov 30 2016 22:04:06 GMT+0100 (CET): GET / 
Wed Nov 30 2016 22:04:06 GMT+0100 (CET): GET /stylesheets/bootstrap.css 
Wed Nov 30 2016 22:04:06 GMT+0100 (CET): GET /javascripts/bootstrap.min.js 
Wed Nov 30 2016 22:04:07 GMT+0100 (CET): GET /login 
Wed Nov 30 2016 22:04:07 GMT+0100 (CET): GET /stylesheets/bootstrap.css 
Wed Nov 30 2016 22:04:07 GMT+0100 (CET): GET /stylesheets/style.css 
Wed Nov 30 2016 22:04:08 GMT+0100 (CET): GET /javascripts/bootstrap.min.js 
Wed Nov 30 2016 22:04:09 GMT+0100 (CET): GET / 
Wed Nov 30 2016 22:04:09 GMT+0100 (CET): GET /stylesheets/bootstrap.css 
Wed Nov 30 2016 22:04:09 GMT+0100 (CET): GET /javascripts/bootstrap.min.js 
Wed Nov 30 2016 22:04:12 GMT+0100 (CET): GET /login 
Wed Nov 30 2016 22:04:12 GMT+0100 (CET): GET /stylesheets/bootstrap.css 
Wed Nov 30 2016 22:04:12 GMT+0100 (CET): GET /stylesheets/style.css 
Wed Nov 30 2016 22:04:12 GMT+0100 (CET): GET /javascripts/bootstrap.min.js 
Wed Nov 30 2016 22:04:14 GMT+0100 (CET): GET / 
Wed Nov 30 2016 22:04:14 GMT+0100 (CET): GET /stylesheets/bootstrap.css 
Wed Nov 30 2016 22:04:14 GMT+0100 (CET): GET /javascripts/bootstrap.min.js 
Wed Nov 30 2016 22:04:18 GMT+0100 (CET): GET /login 
Wed Nov 30 2016 22:04:19 GMT+0100 (CET): GET /stylesheets/bootstrap.css 
Wed Nov 30 2016 22:04:19 GMT+0100 (CET): GET /stylesheets/style.css 
Wed Nov 30 2016 22:04:19 GMT+0100 (CET): GET /javascripts/bootstrap.min.js 
Wed Nov 30 2016 22:04:21 GMT+0100 (CET): GET / 
Wed Nov 30 2016 22:04:21 GMT+0100 (CET): GET /stylesheets/bootstrap.css 
Wed Nov 30 2016 22:04:21 GMT+0100 (CET): GET /javascripts/bootstrap.min.js 
Wed Nov 30 2016 22:04:24 GMT+0100 (CET): GET /login 
Wed Nov 30 2016 22:04:24 GMT+0100 (CET): GET /stylesheets/bootstrap.css 
Wed Nov 30 2016 22:04:24 GMT+0100 (CET): GET /stylesheets/style.css 
Wed Nov 30 2016 22:04:24 GMT+0100 (CET): GET /javascripts/bootstrap.min.js 
Wed Nov 30 2016 22:04:26 GMT+0100 (CET): GET / 
Wed Nov 30 2016 22:04:26 GMT+0100 (CET): GET /stylesheets/bootstrap.css 
Wed Nov 30 2016 22:04:26 GMT+0100 (CET): GET /javascripts/bootstrap.min.js 
Wed Nov 30 2016 22:04:53 GMT+0100 (CET): GET / 
Wed Nov 30 2016 22:04:53 GMT+0100 (CET): GET /stylesheets/bootstrap.css 
Wed Nov 30 2016 22:04:53 GMT+0100 (CET): GET /javascripts/bootstrap.min.js 
Wed Nov 30 2016 22:04:54 GMT+0100 (CET): GET /login 
Wed Nov 30 2016 22:04:54 GMT+0100 (CET): GET /stylesheets/bootstrap.css 
Wed Nov 30 2016 22:04:54 GMT+0100 (CET): GET /stylesheets/style.css 
Wed Nov 30 2016 22:04:54 GMT+0100 (CET): GET /javascripts/bootstrap.min.js 
Wed Nov 30 2016 22:04:57 GMT+0100 (CET): GET / 
Wed Nov 30 2016 22:04:57 GMT+0100 (CET): GET /stylesheets/bootstrap.css 
Wed Nov 30 2016 22:04:57 GMT+0100 (CET): GET /javascripts/bootstrap.min.js 
Wed Nov 30 2016 22:05:00 GMT+0100 (CET): GET /login 
Wed Nov 30 2016 22:05:00 GMT+0100 (CET): GET /stylesheets/bootstrap.css 
Wed Nov 30 2016 22:05:00 GMT+0100 (CET): GET /stylesheets/style.css 
Wed Nov 30 2016 22:05:00 GMT+0100 (CET): GET /javascripts/bootstrap.min.js 
Wed Nov 30 2016 22:05:02 GMT+0100 (CET): GET / 
Wed Nov 30 2016 22:05:02 GMT+0100 (CET): GET /stylesheets/bootstrap.css 
Wed Nov 30 2016 22:05:02 GMT+0100 (CET): GET /javascripts/bootstrap.min.js 
Wed Nov 30 2016 22:08:35 GMT+0100 (CET): GET /create 
Wed Nov 30 2016 22:08:40 GMT+0100 (CET): GET /add 
Wed Nov 30 2016 22:09:04 GMT+0100 (CET): GET / 
Wed Nov 30 2016 22:09:04 GMT+0100 (CET): GET /stylesheets/bootstrap.css 
Wed Nov 30 2016 22:09:04 GMT+0100 (CET): GET /javascripts/bootstrap.min.js 
Wed Nov 30 2016 22:09:05 GMT+0100 (CET): GET /create 
Wed Nov 30 2016 22:10:01 GMT+0100 (CET): GET /create 
Wed Nov 30 2016 22:10:06 GMT+0100 (CET): POST /todo/create 
Wed Nov 30 2016 22:13:28 GMT+0100 (CET): GET / 
Wed Nov 30 2016 22:13:28 GMT+0100 (CET): GET /stylesheets/bootstrap.css 
Wed Nov 30 2016 22:13:28 GMT+0100 (CET): GET /javascripts/bootstrap.min.js 
Wed Nov 30 2016 22:13:37 GMT+0100 (CET): GET /create 
Wed Nov 30 2016 22:14:30 GMT+0100 (CET): POST /create 
Wed Nov 30 2016 22:15:09 GMT+0100 (CET): POST /create/home 
Wed Nov 30 2016 22:15:15 GMT+0100 (CET): POST /create 
Wed Nov 30 2016 22:23:56 GMT+0100 (CET): POST /create 
Wed Nov 30 2016 22:24:38 GMT+0100 (CET): POST /create 
Wed Nov 30 2016 22:26:20 GMT+0100 (CET): POST /create 
Wed Nov 30 2016 22:27:14 GMT+0100 (CET): POST /create 
Thu Dec 01 2016 00:18:58 GMT+0100 (CET): GET / 
Thu Dec 01 2016 00:18:58 GMT+0100 (CET): GET /stylesheets/bootstrap.css 
Thu Dec 01 2016 00:18:58 GMT+0100 (CET): GET /javascripts/bootstrap.min.js 
Thu Dec 01 2016 00:19:06 GMT+0100 (CET): GET /create 
Thu Dec 01 2016 00:19:42 GMT+0100 (CET): POST /create 
Thu Dec 01 2016 00:20:05 GMT+0100 (CET): POST /create 
Thu Dec 01 2016 00:20:15 GMT+0100 (CET): POST /create 
Thu Dec 01 2016 00:21:01 GMT+0100 (CET): POST /create 
Thu Dec 01 2016 00:24:26 GMT+0100 (CET): POST /create 
Thu Dec 01 2016 00:24:59 GMT+0100 (CET): POST /create 
Thu Dec 01 2016 00:25:37 GMT+0100 (CET): POST /create 
Thu Dec 01 2016 00:26:22 GMT+0100 (CET): POST /create 
Thu Dec 01 2016 00:26:57 GMT+0100 (CET): GET /create 
Thu Dec 01 2016 00:27:55 GMT+0100 (CET): POST /create 
Thu Dec 01 2016 00:28:09 GMT+0100 (CET): POST /create 
Thu Dec 01 2016 10:03:47 GMT+0100 (CET): GET / 
Thu Dec 01 2016 10:03:47 GMT+0100 (CET): GET /stylesheets/bootstrap.css 
Thu Dec 01 2016 10:03:47 GMT+0100 (CET): GET /javascripts/bootstrap.min.js 
Thu Dec 01 2016 10:03:54 GMT+0100 (CET): GET /login 
Thu Dec 01 2016 10:03:54 GMT+0100 (CET): GET /stylesheets/bootstrap.css 
Thu Dec 01 2016 10:03:54 GMT+0100 (CET): GET /stylesheets/style.css 
Thu Dec 01 2016 10:03:54 GMT+0100 (CET): GET /javascripts/bootstrap.min.js 
Thu Dec 01 2016 10:04:07 GMT+0100 (CET): GET / 
Thu Dec 01 2016 10:04:07 GMT+0100 (CET): GET /stylesheets/bootstrap.css 
Thu Dec 01 2016 10:04:07 GMT+0100 (CET): GET /javascripts/bootstrap.min.js 
Thu Dec 01 2016 10:23:35 GMT+0100 (CET): POST /create 
Thu Dec 01 2016 10:24:31 GMT+0100 (CET): POST /create 
Thu Dec 01 2016 10:30:24 GMT+0100 (CET): POST /create 
Thu Dec 01 2016 10:30:55 GMT+0100 (CET): POST /create 
Thu Dec 01 2016 10:32:56 GMT+0100 (CET): POST /create 
Thu Dec 01 2016 10:34:27 GMT+0100 (CET): POST /create 
Thu Dec 01 2016 10:34:57 GMT+0100 (CET): POST /create 
Thu Dec 01 2016 10:37:18 GMT+0100 (CET): POST /create 
Thu Dec 01 2016 10:38:43 GMT+0100 (CET): POST /create 
Thu Dec 01 2016 10:39:58 GMT+0100 (CET): GET /create 
Thu Dec 01 2016 10:40:04 GMT+0100 (CET): GET / 
Thu Dec 01 2016 10:40:04 GMT+0100 (CET): GET /stylesheets/bootstrap.css 
Thu Dec 01 2016 10:40:04 GMT+0100 (CET): GET /javascripts/bootstrap.min.js 
Thu Dec 01 2016 12:31:47 GMT+0100 (CET): GET / 
Thu Dec 01 2016 12:34:11 GMT+0100 (CET): GET / 
Thu Dec 01 2016 12:34:20 GMT+0100 (CET): GET /create 
Thu Dec 01 2016 12:34:26 GMT+0100 (CET): GET /add 
Thu Dec 01 2016 12:34:32 GMT+0100 (CET): GET /home 
Thu Dec 01 2016 12:34:36 GMT+0100 (CET): GET / 
Thu Dec 01 2016 12:36:35 GMT+0100 (CET): GET / 
Thu Dec 01 2016 12:36:35 GMT+0100 (CET): GET /stylesheets/bootstrap.css 
Thu Dec 01 2016 12:36:35 GMT+0100 (CET): GET /javascripts/bootstrap.min.js 
Thu Dec 01 2016 12:36:38 GMT+0100 (CET): GET /login 
Thu Dec 01 2016 12:36:38 GMT+0100 (CET): GET /stylesheets/bootstrap.css 
Thu Dec 01 2016 12:36:38 GMT+0100 (CET): GET /stylesheets/style.css 
Thu Dec 01 2016 12:36:38 GMT+0100 (CET): GET /javascripts/bootstrap.min.js 
Thu Dec 01 2016 12:36:40 GMT+0100 (CET): GET / 
Thu Dec 01 2016 12:36:40 GMT+0100 (CET): GET /stylesheets/bootstrap.css 
Thu Dec 01 2016 12:36:40 GMT+0100 (CET): GET /javascripts/bootstrap.min.js 
Thu Dec 01 2016 12:57:29 GMT+0100 (CET): GET /create 
Thu Dec 01 2016 13:12:49 GMT+0100 (CET): GET /create 
Thu Dec 01 2016 13:13:01 GMT+0100 (CET): POST /create 
Thu Dec 01 2016 13:15:50 GMT+0100 (CET): POST /create 
Thu Dec 01 2016 13:15:55 GMT+0100 (CET): GET / 
Thu Dec 01 2016 13:15:55 GMT+0100 (CET): GET /stylesheets/bootstrap.css 
Thu Dec 01 2016 13:15:55 GMT+0100 (CET): GET /javascripts/bootstrap.min.js 
Thu Dec 01 2016 13:16:01 GMT+0100 (CET): GET /create 
Thu Dec 01 2016 13:16:05 GMT+0100 (CET): POST /create 
Thu Dec 01 2016 13:20:23 GMT+0100 (CET): GET / 
Thu Dec 01 2016 13:20:33 GMT+0100 (CET): GET /home 
Thu Dec 01 2016 13:20:33 GMT+0100 (CET): GET /stylesheets/bootstrap.css 
Thu Dec 01 2016 13:20:33 GMT+0100 (CET): GET /javascripts/bootstrap.min.js 
Thu Dec 01 2016 13:20:44 GMT+0100 (CET): GET /home/crete 
Thu Dec 01 2016 13:21:00 GMT+0100 (CET): GET /create 
Thu Dec 01 2016 13:21:32 GMT+0100 (CET): GET /home/create 
Thu Dec 01 2016 13:24:25 GMT+0100 (CET): POST /home/create 
Thu Dec 01 2016 13:24:36 GMT+0100 (CET): POST /create 
Thu Dec 01 2016 13:26:14 GMT+0100 (CET): GET /create 
Thu Dec 01 2016 13:27:14 GMT+0100 (CET): GET /create 
Thu Dec 01 2016 13:27:18 GMT+0100 (CET): GET / 
Thu Dec 01 2016 13:27:18 GMT+0100 (CET): GET /stylesheets/bootstrap.css 
Thu Dec 01 2016 13:27:18 GMT+0100 (CET): GET /javascripts/bootstrap.min.js 
Thu Dec 01 2016 13:27:19 GMT+0100 (CET): GET /create 
Thu Dec 01 2016 13:27:22 GMT+0100 (CET): GET / 
Thu Dec 01 2016 13:27:22 GMT+0100 (CET): GET /stylesheets/bootstrap.css 
Thu Dec 01 2016 13:27:22 GMT+0100 (CET): GET /javascripts/bootstrap.min.js 
Thu Dec 01 2016 13:27:46 GMT+0100 (CET): GET / 
Thu Dec 01 2016 13:27:46 GMT+0100 (CET): GET /stylesheets/bootstrap.css 
Thu Dec 01 2016 13:27:46 GMT+0100 (CET): GET /javascripts/bootstrap.min.js 
Thu Dec 01 2016 13:27:48 GMT+0100 (CET): GET /create 
Thu Dec 01 2016 13:35:14 GMT+0100 (CET): GET /create 
Thu Dec 01 2016 13:35:17 GMT+0100 (CET): GET /create 
Thu Dec 01 2016 13:35:29 GMT+0100 (CET): GET / 
Thu Dec 01 2016 13:35:29 GMT+0100 (CET): GET /stylesheets/bootstrap.css 
Thu Dec 01 2016 13:35:29 GMT+0100 (CET): GET /javascripts/bootstrap.min.js 
Thu Dec 01 2016 13:35:34 GMT+0100 (CET): GET /todo/create 
Thu Dec 01 2016 13:35:47 GMT+0100 (CET): GET / 
Thu Dec 01 2016 13:35:47 GMT+0100 (CET): GET /stylesheets/bootstrap.css 
Thu Dec 01 2016 13:35:47 GMT+0100 (CET): GET /javascripts/bootstrap.min.js 
Thu Dec 01 2016 13:35:59 GMT+0100 (CET): GET /about 
Thu Dec 01 2016 13:36:21 GMT+0100 (CET): GET / 
Thu Dec 01 2016 13:36:21 GMT+0100 (CET): GET /stylesheets/bootstrap.css 
Thu Dec 01 2016 13:36:21 GMT+0100 (CET): GET /javascripts/bootstrap.min.js 
Thu Dec 01 2016 13:36:23 GMT+0100 (CET): GET /login 
Thu Dec 01 2016 13:36:23 GMT+0100 (CET): GET /stylesheets/bootstrap.css 
Thu Dec 01 2016 13:36:23 GMT+0100 (CET): GET /stylesheets/style.css 
Thu Dec 01 2016 13:36:23 GMT+0100 (CET): GET /javascripts/bootstrap.min.js 
Thu Dec 01 2016 13:36:26 GMT+0100 (CET): GET / 
Thu Dec 01 2016 13:36:26 GMT+0100 (CET): GET /stylesheets/bootstrap.css 
Thu Dec 01 2016 13:36:26 GMT+0100 (CET): GET /javascripts/bootstrap.min.js 
Thu Dec 01 2016 13:37:04 GMT+0100 (CET): GET / 
Thu Dec 01 2016 13:37:04 GMT+0100 (CET): GET /stylesheets/bootstrap.css 
Thu Dec 01 2016 13:37:04 GMT+0100 (CET): GET /javascripts/bootstrap.min.js 
Thu Dec 01 2016 13:37:06 GMT+0100 (CET): GET /create 
Thu Dec 01 2016 13:40:33 GMT+0100 (CET): GET / 
Thu Dec 01 2016 13:40:33 GMT+0100 (CET): GET /stylesheets/bootstrap.css 
Thu Dec 01 2016 13:40:33 GMT+0100 (CET): GET /javascripts/bootstrap.min.js 
Thu Dec 01 2016 13:40:34 GMT+0100 (CET): GET /create 
Thu Dec 01 2016 13:40:38 GMT+0100 (CET): GET / 
Thu Dec 01 2016 13:40:38 GMT+0100 (CET): GET /stylesheets/bootstrap.css 
Thu Dec 01 2016 13:40:38 GMT+0100 (CET): GET /javascripts/bootstrap.min.js 
Thu Dec 01 2016 13:42:33 GMT+0100 (CET): GET / 
Thu Dec 01 2016 13:42:36 GMT+0100 (CET): GET / 
Thu Dec 01 2016 13:43:14 GMT+0100 (CET): GET / 
Thu Dec 01 2016 13:43:14 GMT+0100 (CET): GET /stylesheets/bootstrap.css 
Thu Dec 01 2016 13:43:14 GMT+0100 (CET): GET /javascripts/bootstrap.min.js 
Thu Dec 01 2016 13:43:18 GMT+0100 (CET): GET /about 
Thu Dec 01 2016 13:43:45 GMT+0100 (CET): GET / 
Thu Dec 01 2016 13:43:45 GMT+0100 (CET): GET /stylesheets/bootstrap.css 
Thu Dec 01 2016 13:43:45 GMT+0100 (CET): GET /javascripts/bootstrap.min.js 
Thu Dec 01 2016 13:43:47 GMT+0100 (CET): GET /about 
Thu Dec 01 2016 13:43:47 GMT+0100 (CET): GET /stylesheets/bootstrap.css 
Thu Dec 01 2016 13:43:47 GMT+0100 (CET): GET /javascripts/bootstrap.min.js 
Thu Dec 01 2016 13:43:49 GMT+0100 (CET): GET /create 
Thu Dec 01 2016 13:44:25 GMT+0100 (CET): GET /about 
Thu Dec 01 2016 13:44:25 GMT+0100 (CET): GET /stylesheets/bootstrap.css 
Thu Dec 01 2016 13:44:25 GMT+0100 (CET): GET /javascripts/bootstrap.min.js 
Thu Dec 01 2016 13:44:27 GMT+0100 (CET): GET /about/create 
Thu Dec 01 2016 13:45:13 GMT+0100 (CET): GET /about/create 
Thu Dec 01 2016 13:45:20 GMT+0100 (CET): GET /about/create 
Thu Dec 01 2016 13:45:22 GMT+0100 (CET): GET / 
Thu Dec 01 2016 13:45:22 GMT+0100 (CET): GET /stylesheets/bootstrap.css 
Thu Dec 01 2016 13:45:22 GMT+0100 (CET): GET /javascripts/bootstrap.min.js 
Thu Dec 01 2016 13:45:23 GMT+0100 (CET): GET /about 
Thu Dec 01 2016 13:45:23 GMT+0100 (CET): GET /stylesheets/bootstrap.css 
Thu Dec 01 2016 13:45:23 GMT+0100 (CET): GET /javascripts/bootstrap.min.js 
Thu Dec 01 2016 13:45:25 GMT+0100 (CET): GET /about/create 
Thu Dec 01 2016 13:49:02 GMT+0100 (CET): GET / 
Thu Dec 01 2016 13:49:02 GMT+0100 (CET): GET /stylesheets/bootstrap.css 
Thu Dec 01 2016 13:49:02 GMT+0100 (CET): GET /javascripts/bootstrap.min.js 
Thu Dec 01 2016 13:49:13 GMT+0100 (CET): GET / 
Thu Dec 01 2016 13:49:13 GMT+0100 (CET): GET /stylesheets/bootstrap.css 
Thu Dec 01 2016 13:49:13 GMT+0100 (CET): GET /javascripts/bootstrap.min.js 
Thu Dec 01 2016 13:49:15 GMT+0100 (CET): GET /login 
Thu Dec 01 2016 13:49:15 GMT+0100 (CET): GET /stylesheets/bootstrap.css 
Thu Dec 01 2016 13:49:15 GMT+0100 (CET): GET /stylesheets/style.css 
Thu Dec 01 2016 13:49:15 GMT+0100 (CET): GET /javascripts/bootstrap.min.js 
Thu Dec 01 2016 13:49:17 GMT+0100 (CET): GET / 
Thu Dec 01 2016 13:49:17 GMT+0100 (CET): GET /stylesheets/bootstrap.css 
Thu Dec 01 2016 13:49:17 GMT+0100 (CET): GET /javascripts/bootstrap.min.js 
Thu Dec 01 2016 13:49:18 GMT+0100 (CET): GET /about 
Thu Dec 01 2016 13:49:18 GMT+0100 (CET): GET /stylesheets/bootstrap.css 
Thu Dec 01 2016 13:49:18 GMT+0100 (CET): GET /javascripts/bootstrap.min.js 
Thu Dec 01 2016 13:49:20 GMT+0100 (CET): GET /about/create 
Thu Dec 01 2016 13:49:51 GMT+0100 (CET): GET /about 
Thu Dec 01 2016 13:49:51 GMT+0100 (CET): GET /stylesheets/bootstrap.css 
Thu Dec 01 2016 13:49:51 GMT+0100 (CET): GET /javascripts/bootstrap.min.js 
Thu Dec 01 2016 13:49:52 GMT+0100 (CET): GET /about/create 
Thu Dec 01 2016 13:50:32 GMT+0100 (CET): GET /about/create 
Thu Dec 01 2016 13:54:55 GMT+0100 (CET): GET /about/create 
Thu Dec 01 2016 13:55:00 GMT+0100 (CET): GET / 
Thu Dec 01 2016 13:55:00 GMT+0100 (CET): GET /stylesheets/bootstrap.css 
Thu Dec 01 2016 13:55:00 GMT+0100 (CET): GET /javascripts/bootstrap.min.js 
Thu Dec 01 2016 13:55:02 GMT+0100 (CET): GET /about 
Thu Dec 01 2016 13:55:02 GMT+0100 (CET): GET /stylesheets/bootstrap.css 
Thu Dec 01 2016 13:55:02 GMT+0100 (CET): GET /javascripts/bootstrap.min.js 
Thu Dec 01 2016 13:55:03 GMT+0100 (CET): GET /about/create 
Thu Dec 01 2016 13:55:09 GMT+0100 (CET): POST /create 
Thu Dec 01 2016 13:59:46 GMT+0100 (CET): GET / 
Thu Dec 01 2016 13:59:46 GMT+0100 (CET): GET /stylesheets/bootstrap.css 
Thu Dec 01 2016 13:59:46 GMT+0100 (CET): GET /javascripts/bootstrap.min.js 
Thu Dec 01 2016 13:59:47 GMT+0100 (CET): GET /about 
Thu Dec 01 2016 13:59:47 GMT+0100 (CET): GET /stylesheets/bootstrap.css 
Thu Dec 01 2016 13:59:47 GMT+0100 (CET): GET /javascripts/bootstrap.min.js 
Thu Dec 01 2016 13:59:49 GMT+0100 (CET): GET /about/create 
Thu Dec 01 2016 13:59:53 GMT+0100 (CET): POST /create 
Thu Dec 01 2016 14:00:51 GMT+0100 (CET): GET /about/create 
Thu Dec 01 2016 14:00:55 GMT+0100 (CET): POST /about/create 
Thu Dec 01 2016 14:01:48 GMT+0100 (CET): POST /about/create 
Thu Dec 01 2016 14:02:00 GMT+0100 (CET): POST /about/create 
Thu Dec 01 2016 14:03:53 GMT+0100 (CET): GET / 
Thu Dec 01 2016 14:03:53 GMT+0100 (CET): GET /stylesheets/bootstrap.css 
Thu Dec 01 2016 14:03:53 GMT+0100 (CET): GET /javascripts/bootstrap.min.js 
Thu Dec 01 2016 14:03:56 GMT+0100 (CET): GET /about 
Thu Dec 01 2016 14:03:56 GMT+0100 (CET): GET /stylesheets/bootstrap.css 
Thu Dec 01 2016 14:03:56 GMT+0100 (CET): GET /javascripts/bootstrap.min.js 
Thu Dec 01 2016 14:03:57 GMT+0100 (CET): GET /about/create 
Thu Dec 01 2016 14:04:01 GMT+0100 (CET): POST /about/create 
Thu Dec 01 2016 14:40:51 GMT+0100 (CET): GET / 
Thu Dec 01 2016 14:43:04 GMT+0100 (CET): GET / 
Thu Dec 01 2016 14:43:04 GMT+0100 (CET): GET /stylesheets/bootstrap.css 
Thu Dec 01 2016 14:43:04 GMT+0100 (CET): GET /javascripts/bootstrap.min.js 
Thu Dec 01 2016 14:43:06 GMT+0100 (CET): GET /login 
Thu Dec 01 2016 14:43:06 GMT+0100 (CET): GET /stylesheets/bootstrap.css 
Thu Dec 01 2016 14:43:06 GMT+0100 (CET): GET /stylesheets/style.css 
Thu Dec 01 2016 14:43:06 GMT+0100 (CET): GET /javascripts/bootstrap.min.js 
Thu Dec 01 2016 14:43:07 GMT+0100 (CET): GET / 
Thu Dec 01 2016 14:43:07 GMT+0100 (CET): GET /stylesheets/bootstrap.css 
Thu Dec 01 2016 14:43:07 GMT+0100 (CET): GET /javascripts/bootstrap.min.js 
Thu Dec 01 2016 14:43:08 GMT+0100 (CET): GET /about 
Thu Dec 01 2016 14:43:08 GMT+0100 (CET): GET /stylesheets/bootstrap.css 
Thu Dec 01 2016 14:43:08 GMT+0100 (CET): GET /javascripts/bootstrap.min.js 
Thu Dec 01 2016 14:43:10 GMT+0100 (CET): GET /about/create 
Thu Dec 01 2016 14:43:15 GMT+0100 (CET): GET /about/create 
Thu Dec 01 2016 14:43:20 GMT+0100 (CET): GET /about/create 
Thu Dec 01 2016 14:45:34 GMT+0100 (CET): GET /about/create 
Thu Dec 01 2016 14:45:41 GMT+0100 (CET): GET /about 
Thu Dec 01 2016 14:45:41 GMT+0100 (CET): GET /stylesheets/bootstrap.css 
Thu Dec 01 2016 14:45:41 GMT+0100 (CET): GET /javascripts/bootstrap.min.js 
Thu Dec 01 2016 14:45:43 GMT+0100 (CET): GET /about/create 
Thu Dec 01 2016 14:46:40 GMT+0100 (CET): GET / 
Thu Dec 01 2016 14:46:44 GMT+0100 (CET): GET /about/create 
Thu Dec 01 2016 14:46:47 GMT+0100 (CET): GET /login 
Thu Dec 01 2016 14:46:47 GMT+0100 (CET): GET /stylesheets/bootstrap.css 
Thu Dec 01 2016 14:46:47 GMT+0100 (CET): GET /stylesheets/style.css 
Thu Dec 01 2016 14:46:47 GMT+0100 (CET): GET /javascripts/bootstrap.min.js 
Thu Dec 01 2016 14:46:49 GMT+0100 (CET): GET / 
Thu Dec 01 2016 14:47:34 GMT+0100 (CET): GET /about 
Thu Dec 01 2016 14:47:34 GMT+0100 (CET): GET /stylesheets/bootstrap.css 
Thu Dec 01 2016 14:47:34 GMT+0100 (CET): GET /javascripts/bootstrap.min.js 
Thu Dec 01 2016 14:47:36 GMT+0100 (CET): GET /login 
Thu Dec 01 2016 14:47:36 GMT+0100 (CET): GET /stylesheets/bootstrap.css 
Thu Dec 01 2016 14:47:36 GMT+0100 (CET): GET /stylesheets/style.css 
Thu Dec 01 2016 14:47:36 GMT+0100 (CET): GET /javascripts/bootstrap.min.js 
Thu Dec 01 2016 14:47:37 GMT+0100 (CET): GET / 
Thu Dec 01 2016 14:47:39 GMT+0100 (CET): GET / 
Thu Dec 01 2016 14:47:41 GMT+0100 (CET): GET / 
Thu Dec 01 2016 14:48:27 GMT+0100 (CET): GET / 
Thu Dec 01 2016 14:48:27 GMT+0100 (CET): GET /stylesheets/bootstrap.css 
Thu Dec 01 2016 14:48:28 GMT+0100 (CET): GET /javascripts/bootstrap.min.js 
Thu Dec 01 2016 14:48:31 GMT+0100 (CET): GET /about 
Thu Dec 01 2016 14:48:31 GMT+0100 (CET): GET /stylesheets/bootstrap.css 
Thu Dec 01 2016 14:48:31 GMT+0100 (CET): GET /javascripts/bootstrap.min.js 
Thu Dec 01 2016 14:48:35 GMT+0100 (CET): GET /about/create 
Thu Dec 01 2016 14:48:41 GMT+0100 (CET): POST /about/create 
Thu Dec 01 2016 14:49:30 GMT+0100 (CET): POST /about/create 
Thu Dec 01 2016 14:54:59 GMT+0100 (CET): GET / 
Thu Dec 01 2016 14:54:59 GMT+0100 (CET): GET /stylesheets/bootstrap.css 
Thu Dec 01 2016 14:54:59 GMT+0100 (CET): GET /javascripts/bootstrap.min.js 
Thu Dec 01 2016 14:55:02 GMT+0100 (CET): GET /about 
Thu Dec 01 2016 14:55:02 GMT+0100 (CET): GET /stylesheets/bootstrap.css 
Thu Dec 01 2016 14:55:02 GMT+0100 (CET): GET /javascripts/bootstrap.min.js 
Thu Dec 01 2016 14:55:09 GMT+0100 (CET): GET /about 
Thu Dec 01 2016 14:55:09 GMT+0100 (CET): GET /stylesheets/bootstrap.css 
Thu Dec 01 2016 14:55:09 GMT+0100 (CET): GET /javascripts/bootstrap.min.js 
Thu Dec 01 2016 14:55:21 GMT+0100 (CET): GET /about/create 
Thu Dec 01 2016 14:55:21 GMT+0100 (CET): GET /stylesheets/bootstrap.css 
Thu Dec 01 2016 14:57:47 GMT+0100 (CET): POST /about/create 
Thu Dec 01 2016 14:58:05 GMT+0100 (CET): GET /about/create 
Thu Dec 01 2016 14:58:05 GMT+0100 (CET): GET /stylesheets/bootstrap.css 
Thu Dec 01 2016 14:58:06 GMT+0100 (CET): GET /stylesheets/bootstrap.css.map 
Thu Dec 01 2016 20:17:56 GMT+0100 (CET): GET / 
Thu Dec 01 2016 20:17:56 GMT+0100 (CET): GET /stylesheets/bootstrap.css 
Thu Dec 01 2016 20:17:56 GMT+0100 (CET): GET /javascripts/bootstrap.min.js 
Thu Dec 01 2016 20:18:00 GMT+0100 (CET): GET / 
Thu Dec 01 2016 20:18:00 GMT+0100 (CET): GET /stylesheets/bootstrap.css 
Thu Dec 01 2016 20:18:00 GMT+0100 (CET): GET /javascripts/bootstrap.min.js 
Thu Dec 01 2016 20:18:02 GMT+0100 (CET): GET /about 
Thu Dec 01 2016 20:18:02 GMT+0100 (CET): GET /stylesheets/bootstrap.css 
Thu Dec 01 2016 20:18:02 GMT+0100 (CET): GET /javascripts/bootstrap.min.js 
Thu Dec 01 2016 20:18:08 GMT+0100 (CET): GET /about/create 
Thu Dec 01 2016 20:18:09 GMT+0100 (CET): GET /stylesheets/bootstrap.css 
Thu Dec 01 2016 20:18:12 GMT+0100 (CET): GET / 
Thu Dec 01 2016 20:18:12 GMT+0100 (CET): GET /stylesheets/bootstrap.css 
Thu Dec 01 2016 20:18:12 GMT+0100 (CET): GET /javascripts/bootstrap.min.js 
Thu Dec 01 2016 20:18:51 GMT+0100 (CET): GET / 
Thu Dec 01 2016 20:18:51 GMT+0100 (CET): GET /stylesheets/bootstrap.css 
Thu Dec 01 2016 20:18:51 GMT+0100 (CET): GET /javascripts/bootstrap.min.js 
Thu Dec 01 2016 20:19:21 GMT+0100 (CET): GET / 
Thu Dec 01 2016 20:19:22 GMT+0100 (CET): GET /stylesheets/bootstrap.css 
Thu Dec 01 2016 20:19:22 GMT+0100 (CET): GET /javascripts/bootstrap.min.js 
Thu Dec 01 2016 20:19:23 GMT+0100 (CET): GET /about 
Thu Dec 01 2016 20:19:23 GMT+0100 (CET): GET /stylesheets/bootstrap.css 
Thu Dec 01 2016 20:19:23 GMT+0100 (CET): GET /javascripts/bootstrap.min.js 
Thu Dec 01 2016 20:20:31 GMT+0100 (CET): GET /about/create 
Thu Dec 01 2016 20:20:31 GMT+0100 (CET): GET /stylesheets/bootstrap.css 
Thu Dec 01 2016 20:20:38 GMT+0100 (CET): POST /about/create 
Thu Dec 01 2016 20:24:56 GMT+0100 (CET): POST /about/create 
Thu Dec 01 2016 20:25:05 GMT+0100 (CET): GET /about/create 
Thu Dec 01 2016 20:28:13 GMT+0100 (CET): POST /about/create 
Thu Dec 01 2016 20:29:06 GMT+0100 (CET): GET / 
Thu Dec 01 2016 20:29:06 GMT+0100 (CET): GET /stylesheets/bootstrap.css 
Thu Dec 01 2016 20:29:06 GMT+0100 (CET): GET /javascripts/bootstrap.min.js 
Thu Dec 01 2016 20:29:08 GMT+0100 (CET): GET /about 
Thu Dec 01 2016 20:29:08 GMT+0100 (CET): GET /stylesheets/bootstrap.css 
Thu Dec 01 2016 20:29:08 GMT+0100 (CET): GET /javascripts/bootstrap.min.js 
Thu Dec 01 2016 20:29:09 GMT+0100 (CET): GET /about/create 
Thu Dec 01 2016 20:29:09 GMT+0100 (CET): GET /stylesheets/bootstrap.css 
Thu Dec 01 2016 20:29:15 GMT+0100 (CET): POST /about/create 
Thu Dec 01 2016 20:31:38 GMT+0100 (CET): GET / 
Thu Dec 01 2016 20:31:38 GMT+0100 (CET): GET /stylesheets/bootstrap.css 
Thu Dec 01 2016 20:31:38 GMT+0100 (CET): GET /javascripts/bootstrap.min.js 
Thu Dec 01 2016 20:31:39 GMT+0100 (CET): GET /about 
Thu Dec 01 2016 20:31:39 GMT+0100 (CET): GET /stylesheets/bootstrap.css 
Thu Dec 01 2016 20:31:39 GMT+0100 (CET): GET /javascripts/bootstrap.min.js 
Thu Dec 01 2016 20:31:40 GMT+0100 (CET): GET /about/create 
Thu Dec 01 2016 20:31:40 GMT+0100 (CET): GET /stylesheets/bootstrap.css 
Thu Dec 01 2016 20:31:43 GMT+0100 (CET): POST /about/create 
Thu Dec 01 2016 20:31:43 GMT+0100 (CET): GET /todo 
Thu Dec 01 2016 20:31:51 GMT+0100 (CET): GET /about/create 
Thu Dec 01 2016 20:31:55 GMT+0100 (CET): POST /about/create 
Thu Dec 01 2016 20:31:55 GMT+0100 (CET): GET /about 
Thu Dec 01 2016 20:31:55 GMT+0100 (CET): GET /stylesheets/bootstrap.css 
Thu Dec 01 2016 20:31:55 GMT+0100 (CET): GET /javascripts/bootstrap.min.js 
Thu Dec 01 2016 20:31:58 GMT+0100 (CET): GET /about/create 
Thu Dec 01 2016 20:32:33 GMT+0100 (CET): POST /about/create 
Thu Dec 01 2016 20:32:33 GMT+0100 (CET): GET /todo 
Thu Dec 01 2016 20:32:44 GMT+0100 (CET): POST /about/create 
Thu Dec 01 2016 20:32:44 GMT+0100 (CET): GET /todo 
Thu Dec 01 2016 20:34:51 GMT+0100 (CET): GET / 
Thu Dec 01 2016 20:34:51 GMT+0100 (CET): GET /stylesheets/bootstrap.css 
Thu Dec 01 2016 20:34:51 GMT+0100 (CET): GET /javascripts/bootstrap.min.js 
Thu Dec 01 2016 20:34:53 GMT+0100 (CET): GET /about 
Thu Dec 01 2016 20:34:53 GMT+0100 (CET): GET /stylesheets/bootstrap.css 
Thu Dec 01 2016 20:34:53 GMT+0100 (CET): GET /javascripts/bootstrap.min.js 
Thu Dec 01 2016 20:34:54 GMT+0100 (CET): GET /about/create 
Thu Dec 01 2016 20:34:54 GMT+0100 (CET): GET /stylesheets/bootstrap.css 
Thu Dec 01 2016 20:35:01 GMT+0100 (CET): POST /about/create 
Thu Dec 01 2016 20:35:01 GMT+0100 (CET): GET /about 
Thu Dec 01 2016 20:35:01 GMT+0100 (CET): GET /stylesheets/bootstrap.css 
Thu Dec 01 2016 20:35:01 GMT+0100 (CET): GET /javascripts/bootstrap.min.js 
Thu Dec 01 2016 20:36:14 GMT+0100 (CET): GET /about/create 
Thu Dec 01 2016 20:36:14 GMT+0100 (CET): GET /stylesheets/bootstrap.css 
Thu Dec 01 2016 20:36:23 GMT+0100 (CET): POST /about/create 
Thu Dec 01 2016 20:36:23 GMT+0100 (CET): GET /about 
Thu Dec 01 2016 20:36:23 GMT+0100 (CET): GET /stylesheets/bootstrap.css 
Thu Dec 01 2016 20:36:23 GMT+0100 (CET): GET /javascripts/bootstrap.min.js 
Thu Dec 01 2016 20:39:58 GMT+0100 (CET): POST /about/create 
Thu Dec 01 2016 20:39:58 GMT+0100 (CET): GET /todo 
Thu Dec 01 2016 20:40:05 GMT+0100 (CET): GET /about/create 
Thu Dec 01 2016 20:40:05 GMT+0100 (CET): GET /stylesheets/bootstrap.css 
Thu Dec 01 2016 20:40:10 GMT+0100 (CET): POST /about/create 
Thu Dec 01 2016 20:40:10 GMT+0100 (CET): GET /todo 
Thu Dec 01 2016 20:40:20 GMT+0100 (CET): GET /about/create 
Thu Dec 01 2016 20:40:25 GMT+0100 (CET): POST /about/create 
Thu Dec 01 2016 20:40:25 GMT+0100 (CET): GET /about 
Thu Dec 01 2016 20:40:25 GMT+0100 (CET): GET /stylesheets/bootstrap.css 
Thu Dec 01 2016 20:40:25 GMT+0100 (CET): GET /javascripts/bootstrap.min.js 
Fri Dec 02 2016 17:04:41 GMT+0100 (CET): GET /about/create 
Fri Dec 02 2016 17:04:41 GMT+0100 (CET): GET /stylesheets/bootstrap.css 
Fri Dec 02 2016 17:04:49 GMT+0100 (CET): POST /about/create 
Fri Dec 02 2016 17:04:49 GMT+0100 (CET): GET /about 
Fri Dec 02 2016 17:04:49 GMT+0100 (CET): GET /stylesheets/bootstrap.css 
Fri Dec 02 2016 17:04:49 GMT+0100 (CET): GET /javascripts/bootstrap.min.js 
Fri Dec 02 2016 17:04:58 GMT+0100 (CET): GET /login 
Fri Dec 02 2016 17:04:58 GMT+0100 (CET): GET /stylesheets/bootstrap.css 
Fri Dec 02 2016 17:04:58 GMT+0100 (CET): GET /javascripts/bootstrap.min.js 
Fri Dec 02 2016 17:04:58 GMT+0100 (CET): GET /stylesheets/style.css 
Fri Dec 02 2016 17:05:26 GMT+0100 (CET): GET / 
Fri Dec 02 2016 17:05:26 GMT+0100 (CET): GET /stylesheets/bootstrap.css 
Fri Dec 02 2016 17:05:26 GMT+0100 (CET): GET /javascripts/bootstrap.min.js 
Fri Dec 02 2016 17:05:29 GMT+0100 (CET): GET /about 
Fri Dec 02 2016 17:05:29 GMT+0100 (CET): GET /stylesheets/bootstrap.css 
Fri Dec 02 2016 17:05:29 GMT+0100 (CET): GET /javascripts/bootstrap.min.js 
Fri Dec 02 2016 17:05:31 GMT+0100 (CET): GET /about/create 
Fri Dec 02 2016 17:05:31 GMT+0100 (CET): GET /stylesheets/bootstrap.css 
Fri Dec 02 2016 17:07:29 GMT+0100 (CET): GET /create 
Fri Dec 02 2016 17:07:33 GMT+0100 (CET): GET /login 
Fri Dec 02 2016 17:07:33 GMT+0100 (CET): GET /stylesheets/bootstrap.css 
Fri Dec 02 2016 17:07:33 GMT+0100 (CET): GET /stylesheets/style.css 
Fri Dec 02 2016 17:07:33 GMT+0100 (CET): GET /javascripts/bootstrap.min.js 
Fri Dec 02 2016 17:07:40 GMT+0100 (CET): GET / 
Fri Dec 02 2016 17:07:40 GMT+0100 (CET): GET /stylesheets/bootstrap.css 
Fri Dec 02 2016 17:07:40 GMT+0100 (CET): GET /javascripts/bootstrap.min.js 
Fri Dec 02 2016 17:07:50 GMT+0100 (CET): GET /about 
Fri Dec 02 2016 17:07:50 GMT+0100 (CET): GET /stylesheets/bootstrap.css 
Fri Dec 02 2016 17:07:50 GMT+0100 (CET): GET /javascripts/bootstrap.min.js 
Fri Dec 02 2016 17:07:54 GMT+0100 (CET): GET /about/create 
Fri Dec 02 2016 17:07:54 GMT+0100 (CET): GET /stylesheets/bootstrap.css 
Fri Dec 02 2016 17:12:44 GMT+0100 (CET): POST /about/create 
Fri Dec 02 2016 17:12:44 GMT+0100 (CET): GET /about 
Fri Dec 02 2016 17:12:44 GMT+0100 (CET): GET /stylesheets/bootstrap.css 
Fri Dec 02 2016 17:12:44 GMT+0100 (CET): GET /javascripts/bootstrap.min.js 
Fri Dec 02 2016 17:12:53 GMT+0100 (CET): GET /about/create 
Fri Dec 02 2016 17:12:53 GMT+0100 (CET): GET /stylesheets/bootstrap.css 
Fri Dec 02 2016 17:12:55 GMT+0100 (CET): GET / 
Fri Dec 02 2016 17:12:55 GMT+0100 (CET): GET /stylesheets/bootstrap.css 
Fri Dec 02 2016 17:12:55 GMT+0100 (CET): GET /javascripts/bootstrap.min.js 
Fri Dec 02 2016 17:12:57 GMT+0100 (CET): GET /about 
Fri Dec 02 2016 17:12:57 GMT+0100 (CET): GET /stylesheets/bootstrap.css 
Fri Dec 02 2016 17:12:57 GMT+0100 (CET): GET /javascripts/bootstrap.min.js 
Fri Dec 02 2016 17:12:58 GMT+0100 (CET): GET /about/create 
Fri Dec 02 2016 17:12:58 GMT+0100 (CET): GET /stylesheets/bootstrap.css 
Fri Dec 02 2016 18:08:13 GMT+0100 (CET): GET / 
Fri Dec 02 2016 18:08:13 GMT+0100 (CET): GET /stylesheets/bootstrap.css 
Fri Dec 02 2016 18:08:13 GMT+0100 (CET): GET /javascripts/bootstrap.min.js 
Fri Dec 02 2016 18:08:16 GMT+0100 (CET): GET /about 
Fri Dec 02 2016 18:08:16 GMT+0100 (CET): GET /stylesheets/bootstrap.css 
Fri Dec 02 2016 18:08:16 GMT+0100 (CET): GET /javascripts/bootstrap.min.js 
Fri Dec 02 2016 18:21:20 GMT+0100 (CET): GET /about 
Fri Dec 02 2016 18:21:53 GMT+0100 (CET): GET /about/create 
Fri Dec 02 2016 18:21:53 GMT+0100 (CET): GET /stylesheets/bootstrap.css 
Fri Dec 02 2016 18:22:07 GMT+0100 (CET): GET /about 
Fri Dec 02 2016 18:22:27 GMT+0100 (CET): GET /about 
Fri Dec 02 2016 18:27:55 GMT+0100 (CET): GET / 
Fri Dec 02 2016 18:27:55 GMT+0100 (CET): GET /stylesheets/bootstrap.css 
Fri Dec 02 2016 18:27:55 GMT+0100 (CET): GET /javascripts/bootstrap.min.js 
Fri Dec 02 2016 18:27:59 GMT+0100 (CET): GET /about 
Fri Dec 02 2016 18:27:59 GMT+0100 (CET): GET /stylesheets/bootstrap.css 
Fri Dec 02 2016 18:27:59 GMT+0100 (CET): GET /javascripts/bootstrap.min.js 
Fri Dec 02 2016 18:29:04 GMT+0100 (CET): GET /about 
Fri Dec 02 2016 18:29:04 GMT+0100 (CET): GET /stylesheets/bootstrap.css 
Fri Dec 02 2016 18:29:04 GMT+0100 (CET): GET /javascripts/bootstrap.min.js 
Fri Dec 02 2016 18:29:06 GMT+0100 (CET): GET /about 
Fri Dec 02 2016 18:29:06 GMT+0100 (CET): GET /stylesheets/bootstrap.css 
Fri Dec 02 2016 18:29:06 GMT+0100 (CET): GET /javascripts/bootstrap.min.js 
Fri Dec 02 2016 18:29:10 GMT+0100 (CET): GET /about 
Fri Dec 02 2016 18:29:10 GMT+0100 (CET): GET /stylesheets/bootstrap.css 
Fri Dec 02 2016 18:29:10 GMT+0100 (CET): GET /javascripts/bootstrap.min.js 
Fri Dec 02 2016 18:29:12 GMT+0100 (CET): GET /todo/delete/ 
Fri Dec 02 2016 18:30:30 GMT+0100 (CET): GET / 
Fri Dec 02 2016 18:30:30 GMT+0100 (CET): GET /stylesheets/bootstrap.css 
Fri Dec 02 2016 18:30:30 GMT+0100 (CET): GET /javascripts/bootstrap.min.js 
Fri Dec 02 2016 18:30:31 GMT+0100 (CET): GET /about 
Fri Dec 02 2016 18:30:31 GMT+0100 (CET): GET /stylesheets/bootstrap.css 
Fri Dec 02 2016 18:30:31 GMT+0100 (CET): GET /javascripts/bootstrap.min.js 
Fri Dec 02 2016 18:32:02 GMT+0100 (CET): GET / 
Fri Dec 02 2016 18:32:02 GMT+0100 (CET): GET /stylesheets/bootstrap.css 
Fri Dec 02 2016 18:32:02 GMT+0100 (CET): GET /javascripts/bootstrap.min.js 
Fri Dec 02 2016 18:32:03 GMT+0100 (CET): GET /about 
Fri Dec 02 2016 18:32:04 GMT+0100 (CET): GET /stylesheets/bootstrap.css 
Fri Dec 02 2016 18:32:04 GMT+0100 (CET): GET /javascripts/bootstrap.min.js 
Fri Dec 02 2016 18:32:27 GMT+0100 (CET): GET / 
Fri Dec 02 2016 18:32:27 GMT+0100 (CET): GET /stylesheets/bootstrap.css 
Fri Dec 02 2016 18:32:27 GMT+0100 (CET): GET /javascripts/bootstrap.min.js 
Fri Dec 02 2016 18:32:29 GMT+0100 (CET): GET /about 
Fri Dec 02 2016 18:32:29 GMT+0100 (CET): GET /stylesheets/bootstrap.css 
Fri Dec 02 2016 18:32:29 GMT+0100 (CET): GET /javascripts/bootstrap.min.js 
Fri Dec 02 2016 18:32:32 GMT+0100 (CET): GET /about/create 
Fri Dec 02 2016 18:32:32 GMT+0100 (CET): GET /stylesheets/bootstrap.css 
Fri Dec 02 2016 18:32:37 GMT+0100 (CET): POST /about/create 
Fri Dec 02 2016 18:32:37 GMT+0100 (CET): GET /about 
Fri Dec 02 2016 18:32:37 GMT+0100 (CET): GET /stylesheets/bootstrap.css 
Fri Dec 02 2016 18:32:37 GMT+0100 (CET): GET /javascripts/bootstrap.min.js 
Fri Dec 02 2016 18:33:20 GMT+0100 (CET): GET / 
Fri Dec 02 2016 18:33:20 GMT+0100 (CET): GET /stylesheets/bootstrap.css 
Fri Dec 02 2016 18:33:20 GMT+0100 (CET): GET /javascripts/bootstrap.min.js 
Fri Dec 02 2016 18:33:22 GMT+0100 (CET): GET /about 
Fri Dec 02 2016 18:33:22 GMT+0100 (CET): GET /stylesheets/bootstrap.css 
Fri Dec 02 2016 18:33:22 GMT+0100 (CET): GET /javascripts/bootstrap.min.js 
Fri Dec 02 2016 18:34:03 GMT+0100 (CET): GET / 
Fri Dec 02 2016 18:34:03 GMT+0100 (CET): GET /stylesheets/bootstrap.css 
Fri Dec 02 2016 18:34:03 GMT+0100 (CET): GET /javascripts/bootstrap.min.js 
Fri Dec 02 2016 18:34:04 GMT+0100 (CET): GET /about 
Fri Dec 02 2016 18:34:04 GMT+0100 (CET): GET /stylesheets/bootstrap.css 
Fri Dec 02 2016 18:34:04 GMT+0100 (CET): GET /javascripts/bootstrap.min.js 
Fri Dec 02 2016 18:35:00 GMT+0100 (CET): GET / 
Fri Dec 02 2016 18:35:00 GMT+0100 (CET): GET /stylesheets/bootstrap.css 
Fri Dec 02 2016 18:35:00 GMT+0100 (CET): GET /javascripts/bootstrap.min.js 
Fri Dec 02 2016 18:35:01 GMT+0100 (CET): GET /about 
Fri Dec 02 2016 18:35:01 GMT+0100 (CET): GET /stylesheets/bootstrap.css 
Fri Dec 02 2016 18:35:01 GMT+0100 (CET): GET /javascripts/bootstrap.min.js 
Fri Dec 02 2016 18:37:41 GMT+0100 (CET): GET / 
Fri Dec 02 2016 18:37:41 GMT+0100 (CET): GET /stylesheets/bootstrap.css 
Fri Dec 02 2016 18:37:41 GMT+0100 (CET): GET /javascripts/bootstrap.min.js 
Fri Dec 02 2016 18:37:42 GMT+0100 (CET): GET /about 
Fri Dec 02 2016 18:37:42 GMT+0100 (CET): GET /stylesheets/bootstrap.css 
Fri Dec 02 2016 18:37:42 GMT+0100 (CET): GET /javascripts/bootstrap.min.js 
Fri Dec 02 2016 18:38:38 GMT+0100 (CET): GET / 
Fri Dec 02 2016 18:38:38 GMT+0100 (CET): GET /stylesheets/bootstrap.css 
Fri Dec 02 2016 18:38:38 GMT+0100 (CET): GET /javascripts/bootstrap.min.js 
Fri Dec 02 2016 18:38:40 GMT+0100 (CET): GET /about 
Fri Dec 02 2016 18:38:40 GMT+0100 (CET): GET /stylesheets/bootstrap.css 
Fri Dec 02 2016 18:38:40 GMT+0100 (CET): GET /javascripts/bootstrap.min.js 
Fri Dec 02 2016 19:41:14 GMT+0100 (CET): GET / 
Fri Dec 02 2016 19:41:14 GMT+0100 (CET): GET /stylesheets/bootstrap.css 
Fri Dec 02 2016 19:41:14 GMT+0100 (CET): GET /javascripts/bootstrap.min.js 
Fri Dec 02 2016 19:41:16 GMT+0100 (CET): GET /about 
Fri Dec 02 2016 19:41:16 GMT+0100 (CET): GET /stylesheets/bootstrap.css 
Fri Dec 02 2016 19:41:16 GMT+0100 (CET): GET /javascripts/bootstrap.min.js 
Fri Dec 02 2016 19:41:26 GMT+0100 (CET): GET /about/create 
Fri Dec 02 2016 19:41:27 GMT+0100 (CET): GET /stylesheets/bootstrap.css 
Fri Dec 02 2016 19:42:24 GMT+0100 (CET): POST /about/create 
Fri Dec 02 2016 19:42:24 GMT+0100 (CET): GET /about 
Fri Dec 02 2016 19:42:24 GMT+0100 (CET): GET /stylesheets/bootstrap.css 
Fri Dec 02 2016 19:42:24 GMT+0100 (CET): GET /javascripts/bootstrap.min.js 
Fri Dec 02 2016 19:42:36 GMT+0100 (CET): GET / 
Fri Dec 02 2016 19:42:36 GMT+0100 (CET): GET /stylesheets/bootstrap.css 
Fri Dec 02 2016 19:42:36 GMT+0100 (CET): GET /javascripts/bootstrap.min.js 
Fri Dec 02 2016 19:42:39 GMT+0100 (CET): GET /about 
Fri Dec 02 2016 19:42:39 GMT+0100 (CET): GET /stylesheets/bootstrap.css 
Fri Dec 02 2016 19:42:39 GMT+0100 (CET): GET /javascripts/bootstrap.min.js 
Fri Dec 02 2016 19:42:46 GMT+0100 (CET): GET /todo/delete/5841c0907037b2641325ca95 
Fri Dec 02 2016 19:43:25 GMT+0100 (CET): GET /about 
Fri Dec 02 2016 19:43:26 GMT+0100 (CET): GET /stylesheets/bootstrap.css 
Fri Dec 02 2016 19:43:26 GMT+0100 (CET): GET /javascripts/bootstrap.min.js 
Fri Dec 02 2016 19:45:56 GMT+0100 (CET): GET /about 
Fri Dec 02 2016 19:45:56 GMT+0100 (CET): GET /stylesheets/bootstrap.css 
Fri Dec 02 2016 19:45:56 GMT+0100 (CET): GET /javascripts/bootstrap.min.js 
Fri Dec 02 2016 19:46:35 GMT+0100 (CET): GET /about 
Fri Dec 02 2016 19:46:35 GMT+0100 (CET): GET /stylesheets/bootstrap.css 
Fri Dec 02 2016 19:46:35 GMT+0100 (CET): GET /javascripts/bootstrap.min.js 
Fri Dec 02 2016 19:47:17 GMT+0100 (CET): GET / 
Fri Dec 02 2016 19:47:17 GMT+0100 (CET): GET /stylesheets/bootstrap.css 
Fri Dec 02 2016 19:47:17 GMT+0100 (CET): GET /javascripts/bootstrap.min.js 
Fri Dec 02 2016 19:47:19 GMT+0100 (CET): GET /about 
Fri Dec 02 2016 19:47:19 GMT+0100 (CET): GET /stylesheets/bootstrap.css 
Fri Dec 02 2016 19:47:19 GMT+0100 (CET): GET /javascripts/bootstrap.min.js 
Fri Dec 02 2016 19:47:31 GMT+0100 (CET): GET /login 
Fri Dec 02 2016 19:47:31 GMT+0100 (CET): GET /stylesheets/bootstrap.css 
Fri Dec 02 2016 19:47:31 GMT+0100 (CET): GET /stylesheets/style.css 
Fri Dec 02 2016 19:47:31 GMT+0100 (CET): GET /javascripts/bootstrap.min.js 
Fri Dec 02 2016 19:47:54 GMT+0100 (CET): GET / 
Fri Dec 02 2016 19:47:54 GMT+0100 (CET): GET /stylesheets/bootstrap.css 
Fri Dec 02 2016 19:47:54 GMT+0100 (CET): GET /javascripts/bootstrap.min.js 
Fri Dec 02 2016 19:47:57 GMT+0100 (CET): GET /about 
Fri Dec 02 2016 19:47:57 GMT+0100 (CET): GET /stylesheets/bootstrap.css 
Fri Dec 02 2016 19:47:57 GMT+0100 (CET): GET /javascripts/bootstrap.min.js 
Fri Dec 02 2016 19:49:42 GMT+0100 (CET): GET /about 
Fri Dec 02 2016 19:49:42 GMT+0100 (CET): GET /stylesheets/bootstrap.css 
Fri Dec 02 2016 19:49:42 GMT+0100 (CET): GET /javascripts/bootstrap.min.js 
Fri Dec 02 2016 19:50:02 GMT+0100 (CET): GET /login 
Fri Dec 02 2016 19:50:02 GMT+0100 (CET): GET /stylesheets/bootstrap.css 
Fri Dec 02 2016 19:50:02 GMT+0100 (CET): GET /stylesheets/style.css 
Fri Dec 02 2016 19:50:02 GMT+0100 (CET): GET /javascripts/bootstrap.min.js 
Fri Dec 02 2016 21:47:05 GMT+0100 (CET): GET / 
Fri Dec 02 2016 21:47:05 GMT+0100 (CET): GET /stylesheets/bootstrap.css 
Fri Dec 02 2016 21:47:05 GMT+0100 (CET): GET /javascripts/bootstrap.min.js 
Fri Dec 02 2016 21:47:07 GMT+0100 (CET): GET /about 
Fri Dec 02 2016 21:47:07 GMT+0100 (CET): GET /stylesheets/bootstrap.css 
Fri Dec 02 2016 21:47:07 GMT+0100 (CET): GET /javascripts/bootstrap.min.js 
Fri Dec 02 2016 21:47:11 GMT+0100 (CET): GET /about/create 
Fri Dec 02 2016 21:47:11 GMT+0100 (CET): GET /stylesheets/bootstrap.css 
Fri Dec 02 2016 21:47:58 GMT+0100 (CET): POST /about/create 
Fri Dec 02 2016 21:47:58 GMT+0100 (CET): GET /about 
Fri Dec 02 2016 21:47:58 GMT+0100 (CET): GET /stylesheets/bootstrap.css 
Fri Dec 02 2016 21:47:58 GMT+0100 (CET): GET /javascripts/bootstrap.min.js 
Fri Dec 02 2016 21:48:07 GMT+0100 (CET): GET /login 
Fri Dec 02 2016 21:48:07 GMT+0100 (CET): GET /stylesheets/bootstrap.css 
Fri Dec 02 2016 21:48:07 GMT+0100 (CET): GET /stylesheets/style.css 
Fri Dec 02 2016 21:48:07 GMT+0100 (CET): GET /javascripts/bootstrap.min.js 
Fri Dec 02 2016 21:48:09 GMT+0100 (CET): GET / 
Fri Dec 02 2016 21:48:09 GMT+0100 (CET): GET /stylesheets/bootstrap.css 
Fri Dec 02 2016 21:48:09 GMT+0100 (CET): GET /javascripts/bootstrap.min.js 
Fri Dec 02 2016 21:48:11 GMT+0100 (CET): GET /about 
Fri Dec 02 2016 21:48:11 GMT+0100 (CET): GET /stylesheets/bootstrap.css 
Fri Dec 02 2016 21:48:11 GMT+0100 (CET): GET /javascripts/bootstrap.min.js 
Fri Dec 02 2016 21:48:13 GMT+0100 (CET): GET /todo/delete/5841ddfe7037b2641325ca96 
